d:\my files\univer\3 course\6 sem\сп\lab4\os13_htcom\x64\debug\os13_htcom.pch
d:\my files\univer\3 course\6 sem\сп\lab4\os13_htcom\x64\debug\vc143.pdb
d:\my files\univer\3 course\6 sem\сп\lab4\os13_htcom\x64\debug\vc143.idb
d:\my files\univer\3 course\6 sem\сп\lab4\os13_htcom\x64\debug\pch.obj
d:\my files\univer\3 course\6 sem\сп\lab4\os13_htcom\x64\debug\registry.obj
d:\my files\univer\3 course\6 sem\сп\lab4\os13_htcom\x64\debug\exportfunctions.obj
d:\my files\univer\3 course\6 sem\сп\lab4\os13_htcom\x64\debug\dllmain.obj
d:\my files\univer\3 course\6 sem\сп\lab4\os13_htcom\x64\debug\componentht.obj
d:\my files\univer\3 course\6 sem\сп\lab4\os13_htcom\x64\debug\classfactory.obj
d:\my files\univer\3 course\6 sem\сп\lab4\os13_htcom\x64\debug\os13_htcom.ilk
d:\my files\univer\3 course\6 sem\сп\lab4\x64\debug\os13_htcom.dll
d:\my files\univer\3 course\6 sem\сп\lab4\x64\debug\os13_htcom.pdb
d:\my files\univer\3 course\6 sem\сп\lab4\x64\debug\os13_htcom.lib
d:\my files\univer\3 course\6 sem\сп\lab4\x64\debug\os13_htcom.exp
d:\my files\univer\3 course\6 sem\сп\lab4\os13_htcom\x64\debug\os13_htcom.tlog\cl.command.1.tlog
d:\my files\univer\3 course\6 sem\сп\lab4\os13_htcom\x64\debug\os13_htcom.tlog\cl.items.tlog
d:\my files\univer\3 course\6 sem\сп\lab4\os13_htcom\x64\debug\os13_htcom.tlog\cl.read.1.tlog
d:\my files\univer\3 course\6 sem\сп\lab4\os13_htcom\x64\debug\os13_htcom.tlog\cl.write.1.tlog
d:\my files\univer\3 course\6 sem\сп\lab4\os13_htcom\x64\debug\os13_htcom.tlog\link.command.1.tlog
d:\my files\univer\3 course\6 sem\сп\lab4\os13_htcom\x64\debug\os13_htcom.tlog\link.read.1.tlog
d:\my files\univer\3 course\6 sem\сп\lab4\os13_htcom\x64\debug\os13_htcom.tlog\link.write.1.tlog
d:\my files\univer\3 course\6 sem\сп\lab4\os13_htcom\x64\debug\os13_htcom.tlog\link.write.2u.tlog
