
попытка удаления из хранилища элемента с ключом lugrzq - успех
попытка удаления из хранилища элемента с ключом vuaihc - успех
попытка удаления из хранилища элемента с ключом sfbvjd - успех
попытка удаления из хранилища элемента с ключом pnhhgi - успех
попытка удаления из хранилища элемента с ключом ziymcx - успех
попытка удаления из хранилища элемента с ключом zcrgnv - успех
попытка удаления из хранилища элемента с ключом gjvpms - успех
попытка удаления из хранилища элемента с ключом vuifip - успех
попытка удаления из хранилища элемента с ключом vqboby - успех
попытка удаления из хранилища элемента с ключом drljkx - успех
попытка удаления из хранилища элемента с ключом lugrzq - неуспех: попытка удаления несуществующего элемента
попытка удаления из хранилища элемента с ключом vuaihc - неуспех: попытка удаления несуществующего элемента
попытка удаления из хранилища элемента с ключом sfbvjd - неуспех: попытка удаления несуществующего элемента
попытка удаления из хранилища элемента с ключом pnhhgi - неуспех: попытка удаления несуществующего элемента
попытка удаления из хранилища элемента с ключом ziymcx - неуспех: попытка удаления несуществующего элемента
попытка удаления из хранилища элемента с ключом zcrgnv - неуспех: попытка удаления несуществующего элемента
попытка удаления из хранилища элемента с ключом gjvpms - неуспех: попытка удаления несуществующего элемента
попытка удаления из хранилища элемента с ключом vuifip - неуспех: попытка удаления несуществующего элемента
попытка удаления из хранилища элемента с ключом vqboby - неуспех: попытка удаления несуществующего элемента
попытка удаления из хранилища элемента с ключом drljkx - неуспех: попытка удаления несуществующего элемента
попытка удаления из хранилища элемента с ключом rfqhyt - успех
попытка удаления из хранилища элемента с ключом zmyrju - успех
попытка удаления из хранилища элемента с ключом uzlybv - успех
попытка удаления из хранилища элемента с ключом ycmgwv - успех
попытка удаления из хранилища элемента с ключом cfnwza - успех
попытка удаления из хранилища элемента с ключом stggtd - успех
попытка удаления из хранилища элемента с ключом foasre - успех
попытка удаления из хранилища элемента с ключом xazeii - успех
попытка удаления из хранилища элемента с ключом ptbiiq - успех
попытка удаления из хранилища элемента с ключом nxkoao - успех
попытка удаления из хранилища элемента с ключом lhhjqj - успех
попытка удаления из хранилища элемента с ключом cnxjme - успех
попытка удаления из хранилища элемента с ключом isvisn - успех
попытка удаления из хранилища элемента с ключом qkmdcw - успех
попытка удаления из хранилища элемента с ключом pnsnmx - успех
попытка удаления из хранилища элемента с ключом yeyyhy - успех
попытка удаления из хранилища элемента с ключом yzyyyz - успех
попытка удаления из хранилища элемента с ключом odevse - успех
попытка удаления из хранилища элемента с ключом bbrfeh - успех
попытка удаления из хранилища элемента с ключом dfsxld - успех
попытка удаления из хранилища элемента с ключом zaadpf - успех
попытка удаления из хранилища элемента с ключом yfzchc - успех
попытка удаления из хранилища элемента с ключом xerqbh - успех
попытка удаления из хранилища элемента с ключом lugrzq - неуспех: превышена максимальная размерность ключа
попытка удаления из хранилища элемента с ключом vuaihc - неуспех: превышена максимальная размерность ключа
попытка удаления из хранилища элемента с ключом sfbvjd - неуспех: превышена максимальная размерность ключа
попытка удаления из хранилища элемента с ключом pnhhgi - неуспех: превышена максимальная размерность ключа
попытка удаления из хранилища элемента с ключом ziymcx - неуспех: превышена максимальная размерность ключа
попытка удаления из хранилища элемента с ключом lugrzq - успех
попытка удаления из хранилища элемента с ключом vuaihc - успех
попытка удаления из хранилища элемента с ключом sfbvjd - успех
попытка удаления из хранилища элемента с ключом pnhhgi - успех
попытка удаления из хранилища элемента с ключом ziymcx - успех
попытка удаления из хранилища элемента с ключом zcrgnv - успех
попытка удаления из хранилища элемента с ключом gjvpms - успех
попытка удаления из хранилища элемента с ключом vuifip - успех
попытка удаления из хранилища элемента с ключом vqboby - успех
попытка удаления из хранилища элемента с ключом drljkx - успех
попытка удаления из хранилища элемента с ключом rfqhyt - успех
попытка удаления из хранилища элемента с ключом zmyrju - успех
попытка удаления из хранилища элемента с ключом uzlybv - успех
попытка удаления из хранилища элемента с ключом ycmgwv - успех
попытка удаления из хранилища элемента с ключом cfnwza - успех
попытка удаления из хранилища элемента с ключом stggtd - успех
попытка удаления из хранилища элемента с ключом foasre - успех
попытка удаления из хранилища элемента с ключом xazeii - успех
попытка удаления из хранилища элемента с ключом ptbiiq - успех
попытка удаления из хранилища элемента с ключом nxkoao - успех
попытка удаления из хранилища элемента с ключом lhhjqj - успех
попытка удаления из хранилища элемента с ключом cnxjme - успех
попытка удаления из хранилища элемента с ключом isvisn - успех
попытка удаления из хранилища элемента с ключом qkmdcw - успех
попытка удаления из хранилища элемента с ключом pnsnmx - успех
попытка удаления из хранилища элемента с ключом yeyyhy - успех
попытка удаления из хранилища элемента с ключом yzyyyz - успех
попытка удаления из хранилища элемента с ключом odevse - успех
попытка удаления из хранилища элемента с ключом bbrfeh - успех
попытка удаления из хранилища элемента с ключом dfsxld - успех
попытка удаления из хранилища элемента с ключом zaadpf - успех
попытка удаления из хранилища элемента с ключом yfzchc - успех
попытка удаления из хранилища элемента с ключом xerqbh - успех
попытка удаления из хранилища элемента с ключом wzlwkp - успех
попытка удаления из хранилища элемента с ключом jpukev - успех
попытка удаления из хранилища элемента с ключом gtuevq - успех
попытка удаления из хранилища элемента с ключом oxexvk - успех
попытка удаления из хранилища элемента с ключом etrjxk - успех
попытка удаления из хранилища элемента с ключом khaqxh - успех
попытка удаления из хранилища элемента с ключом tpzsoa - успех
попытка удаления из хранилища элемента с ключом uvysvx - успех
попытка удаления из хранилища элемента с ключом hpzcpe - успех
попытка удаления из хранилища элемента с ключом boffmu - успех
попытка удаления из хранилища элемента с ключом eghvkk - успех
попытка удаления из хранилища элемента с ключом vklglg - успех
попытка удаления из хранилища элемента с ключом jwlnye - успех
попытка удаления из хранилища элемента с ключом lmmxuv - успех
попытка удаления из хранилища элемента с ключом gtkkgp - успех