d:\6sem\sp\labs\lab04\os12_com\os12_com\debug\os12_com.pch
d:\6sem\sp\labs\lab04\os12_com\os12_com\debug\vc143.pdb
d:\6sem\sp\labs\lab04\os12_com\os12_com\debug\vc143.idb
d:\6sem\sp\labs\lab04\os12_com\os12_com\debug\pch.obj
d:\6sem\sp\labs\lab04\os12_com\os12_com\debug\os12.obj
d:\6sem\sp\labs\lab04\os12_com\os12_com\debug\install.obj
d:\6sem\sp\labs\lab04\os12_com\os12_com\debug\dllmain.obj
d:\6sem\sp\labs\lab04\os12_com\os12_com\debug\com.obj
d:\6sem\sp\labs\lab04\os12_com\os12_com\debug\cfactory.obj
d:\6sem\sp\labs\lab04\os12_com\os12_com\debug\cfactory.nativecodeanalysis.xml
d:\6sem\sp\labs\lab04\os12_com\os12_com\debug\com.nativecodeanalysis.xml
d:\6sem\sp\labs\lab04\os12_com\os12_com\debug\dllmain.nativecodeanalysis.xml
d:\6sem\sp\labs\lab04\os12_com\os12_com\debug\install.nativecodeanalysis.xml
d:\6sem\sp\labs\lab04\os12_com\os12_com\debug\os12.nativecodeanalysis.xml
d:\6sem\sp\labs\lab04\os12_com\os12_com\debug\pch.nativecodeanalysis.xml
d:\6sem\sp\labs\lab04\os12_com\os12_com\debug\os12_com.tlog\cl.command.1.tlog
d:\6sem\sp\labs\lab04\os12_com\os12_com\debug\os12_com.tlog\cl.read.1.tlog
d:\6sem\sp\labs\lab04\os12_com\os12_com\debug\os12_com.tlog\cl.write.1.tlog
d:\6sem\sp\labs\lab04\os12_com\os12_com\debug\os12_com.tlog\link.command.1.tlog
d:\6sem\sp\labs\lab04\os12_com\os12_com\debug\os12_com.tlog\link.read.1.tlog
d:\6sem\sp\labs\lab04\os12_com\os12_com\debug\os12_com.tlog\link.write.1.tlog
