28.02.2024 22:28:47   [Insert]   Key = Y   Payload = 0   success
28.02.2024 22:28:48   [Insert]   Key = A   Payload = 0   success
28.02.2024 22:28:49   [Insert]   Key = R   Payload = 0   success
28.02.2024 22:28:50   [Insert]   Key = 0   Payload = 0   success
28.02.2024 22:28:51   [Insert]   Key = C   Payload = 0   success
29.02.2024 09:09:30   [Insert]   Key = Y   Payload = 0   success
29.02.2024 09:09:31   [Insert]   Key = A   Payload = 0   success
29.02.2024 09:09:32   [Insert]   Key = R   Payload = 0   success
29.02.2024 09:09:33   [Insert]   Key = 0   Payload = 0   success
29.02.2024 09:09:34   [Insert]   Key = C   Payload = 0   success
29.02.2024 09:09:35   [Insert]   Key = H   Payload = 0   success
29.02.2024 09:09:36   [Insert]   Key = L   Payload = 0   success
29.02.2024 09:09:37   [Insert]   Key = 8   Payload = 0   success
29.02.2024 09:09:38   [Insert]   Key = <   Payload = 0   success
29.02.2024 09:09:39   [Insert]   Key = >   Payload = 0   success
29.02.2024 09:09:40   [Insert]   Key = 5   Payload = 0   success
29.02.2024 09:09:41   [Insert]   Key = ]   Payload = 0   success
29.02.2024 09:09:42   [Insert]   Key = O   Payload = 0   success
29.02.2024 09:09:43   [Insert]   Key = K   Payload = 0   success
29.02.2024 09:09:44   [Insert]   Key = ;   Payload = 0   success
29.02.2024 09:09:45   [Insert]   Key = Y   Payload = 0   success
29.02.2024 09:09:46   [Insert]   Key = ]   Payload = 0   success
29.02.2024 09:09:47   [Insert]   Key = Z   Payload = 0   success
29.02.2024 09:09:48   [Insert]   Key = K   Payload = 0   success
29.02.2024 09:09:49   [Insert]   Key = T   Payload = 0   success
29.02.2024 09:09:50   [Insert]   Key = Y   Payload = 0   success
29.02.2024 09:09:51   [Insert]   Key = 4   Payload = 0   success
29.02.2024 09:09:52   [Insert]   Key = 2   Payload = 0   success
29.02.2024 09:09:53   [Insert]   Key = 3   Payload = 0   success
29.02.2024 09:09:54   [Insert]   Key = Z   Payload = 0   success
29.02.2024 09:09:55   [Insert]   Key = P   Payload = 0   success
29.02.2024 09:09:56   [Insert]   Key = E   Payload = 0   success
29.02.2024 09:09:57   [Insert]   Key = @   Payload = 0   success
29.02.2024 09:09:58   [Insert]   Key = B   Payload = 0   success
29.02.2024 09:09:59   [Insert]   Key = ]   Payload = 0   success
29.02.2024 09:10:00   [Insert]   Key = _   Payload = 0   success
29.02.2024 09:10:01   [Insert]   Key = J   Payload = 0   success
29.02.2024 09:10:02   [Insert]   Key = E   Payload = 0   success
29.02.2024 09:10:03   [Insert]   Key = V   Payload = 0   success
29.02.2024 09:10:04   [Insert]   Key = C   Payload = 0   success
29.02.2024 09:10:05   [Insert]   Key = <   Payload = 0   success
29.02.2024 09:10:06   [Insert]   Key = A   Payload = 0   success
29.02.2024 09:10:07   [Insert]   Key = a   Payload = 0   success
29.02.2024 09:10:08   [Insert]   Key = S   Payload = 0   success
29.02.2024 09:10:09   [Insert]   Key = \   Payload = 0   success
29.02.2024 09:10:10   [Insert]   Key = 3   Payload = 0   success
29.02.2024 09:10:11   [Insert]   Key = ;   Payload = 0   success
29.02.2024 09:10:12   [Insert]   Key = F   Payload = 0   success
29.02.2024 09:10:13   [Insert]   Key = Q   Payload = 0   success
29.02.2024 09:10:14   [Insert]   Key = G   Payload = 0   success
29.02.2024 09:10:15   [Insert]   Key = >   Payload = 0   success
29.02.2024 09:10:16   [Insert]   Key = Y   Payload = 0   success
29.02.2024 09:10:17   [Insert]   Key = ;   Payload = 0   success
29.02.2024 09:10:18   [Insert]   Key = 3   Payload = 0   success
29.02.2024 09:10:19   [Insert]   Key = B   Payload = 0   success
29.02.2024 09:10:21   [Insert]   Key = _   Payload = 0   success
29.02.2024 09:10:22   [Insert]   Key = \   Payload = 0   success
29.02.2024 09:10:23   [Insert]   Key = <   Payload = 0   success
29.02.2024 09:10:24   [Insert]   Key = 7   Payload = 0   success
29.02.2024 09:10:25   [Insert]   Key = U   Payload = 0   success
29.02.2024 09:10:26   [Insert]   Key = 9   Payload = 0   success
29.02.2024 09:10:27   [Insert]   Key = G   Payload = 0   success
29.02.2024 09:10:28   [Insert]   Key = Y   Payload = 0   success
29.02.2024 09:10:29   [Insert]   Key = M   Payload = 0   success
29.02.2024 09:10:30   [Insert]   Key = L   Payload = 0   success
29.02.2024 09:10:31   [Insert]   Key = @   Payload = 0   success
29.02.2024 09:10:32   [Insert]   Key = S   Payload = 0   success
29.02.2024 09:10:33   [Insert]   Key = X   Payload = 0   success
29.02.2024 09:10:34   [Insert]   Key = Z   Payload = 0   success
29.02.2024 09:10:35   [Insert]   Key = V   Payload = 0   success
29.02.2024 09:10:36   [Insert]   Key = 6   Payload = 0   success
29.02.2024 09:10:37   [Insert]   Key = X   Payload = 0   success
29.02.2024 09:10:38   [Insert]   Key = Z   Payload = 0   success
29.02.2024 09:10:39   [Insert]   Key = >   Payload = 0   success
29.02.2024 09:10:40   [Insert]   Key = `   Payload = 0   success
29.02.2024 09:10:41   [Insert]   Key = ^   Payload = 0   success
29.02.2024 09:10:42   [Insert]   Key = 5   Payload = 0   success
29.02.2024 09:10:43   [Insert]   Key = X   Payload = 0   success
29.02.2024 09:10:44   [Insert]   Key = M   Payload = 0   success
29.02.2024 09:10:45   [Insert]   Key = D   Payload = 0   success
29.02.2024 09:10:46   [Insert]   Key = 0   Payload = 0   success
29.02.2024 09:10:47   [Insert]   Key = 6   Payload = 0   success
29.02.2024 09:10:48   [Insert]   Key = 1   Payload = 0   success
29.02.2024 09:10:49   [Insert]   Key = [   Payload = 0   success
29.02.2024 09:10:50   [Insert]   Key = `   Payload = 0   success
29.02.2024 09:10:51   [Insert]   Key = M   Payload = 0   success
29.02.2024 09:10:52   [Insert]   Key = G   Payload = 0   success
29.02.2024 09:10:53   [Insert]   Key = R   Payload = 0   success
29.02.2024 09:10:54   [Insert]   Key = 4   Payload = 0   success
29.02.2024 09:10:55   [Insert]   Key = 6   Payload = 0   success
29.02.2024 09:10:56   [Insert]   Key = X   Payload = 0   success
29.02.2024 09:10:57   [Insert]   Key = @   Payload = 0   success
29.02.2024 09:10:58   [Insert]   Key = J   Payload = 0   success
29.02.2024 09:10:59   [Insert]   Key = O   Payload = 0   success
29.02.2024 09:11:00   [Insert]   Key = 8   Payload = 0   success
29.02.2024 09:11:01   [Insert]   Key = \   Payload = 0   success
29.02.2024 09:11:02   [Insert]   Key = W   Payload = 0   success
29.02.2024 09:11:03   [Insert]   Key = J   Payload = 0   success
29.02.2024 09:11:04   [Insert]   Key = G   Payload = 0   success
29.02.2024 09:11:05   [Insert]   Key = U   Payload = 0   success
29.02.2024 09:11:06   [Insert]   Key = V   Payload = 0   success
29.02.2024 09:11:07   [Insert]   Key = B   Payload = 0   success
29.02.2024 09:11:08   [Insert]   Key = P   Payload = 0   success
29.02.2024 09:11:09   [Insert]   Key = M   Payload = 0   success
29.02.2024 09:11:10   [Insert]   Key = Y   Payload = 0   success
29.02.2024 09:11:11   [Insert]   Key = Q   Payload = 0   success
29.02.2024 09:11:12   [Insert]   Key = ?   Payload = 0   success
29.02.2024 09:59:42   [Insert]   Key = Y   Payload = 0   success
29.02.2024 09:59:43   [Insert]   Key = A   Payload = 0   success
29.02.2024 09:59:44   [Insert]   Key = R   Payload = 0   success
29.02.2024 09:59:45   [Insert]   Key = 0   Payload = 0   success
29.02.2024 09:59:46   [Insert]   Key = C   Payload = 0   success
29.02.2024 09:59:47   [Insert]   Key = H   Payload = 0   success
29.02.2024 10:27:17   [Insert]   Key = Y   Payload = 0   success
29.02.2024 10:27:18   [Insert]   Key = A   Payload = 0   success
29.02.2024 10:27:19   [Insert]   Key = R   Payload = 0   success
29.02.2024 10:27:20   [Insert]   Key = 0   Payload = 0   success
29.02.2024 10:27:21   [Insert]   Key = C   Payload = 0   success
29.02.2024 10:27:22   [Insert]   Key = H   Payload = 0   success
29.02.2024 10:27:23   [Insert]   Key = L   Payload = 0   success
29.02.2024 10:27:24   [Insert]   Key = 8   Payload = 0   success
29.02.2024 10:27:25   [Insert]   Key = <   Payload = 0   success
29.02.2024 10:27:26   [Insert]   Key = >   Payload = 0   success
29.02.2024 10:27:27   [Insert]   Key = 5   Payload = 0   success
29.02.2024 10:27:28   [Insert]   Key = ]   Payload = 0   success
29.02.2024 10:27:29   [Insert]   Key = O   Payload = 0   success
29.02.2024 10:27:30   [Insert]   Key = K   Payload = 0   success
29.02.2024 10:27:31   [Insert]   Key = ;   Payload = 0   success
29.02.2024 10:27:32   [Insert]   Key = Y   Payload = 0   success
29.02.2024 10:27:33   [Insert]   Key = ]   Payload = 0   success
29.02.2024 10:27:34   [Insert]   Key = Z   Payload = 0   success
29.02.2024 10:27:35   [Insert]   Key = K   Payload = 0   success
29.02.2024 10:27:36   [Insert]   Key = T   Payload = 0   success
29.02.2024 10:27:37   [Insert]   Key = Y   Payload = 0   success
29.02.2024 10:27:38   [Insert]   Key = 4   Payload = 0   success
29.02.2024 10:27:39   [Insert]   Key = 2   Payload = 0   success
29.02.2024 10:27:40   [Insert]   Key = 3   Payload = 0   success
29.02.2024 10:27:41   [Insert]   Key = Z   Payload = 0   success
29.02.2024 10:27:42   [Insert]   Key = P   Payload = 0   success
29.02.2024 10:27:43   [Insert]   Key = E   Payload = 0   success
29.02.2024 10:27:44   [Insert]   Key = @   Payload = 0   success
29.02.2024 10:27:45   [Insert]   Key = B   Payload = 0   success
29.02.2024 10:27:46   [Insert]   Key = ]   Payload = 0   success
29.02.2024 10:27:47   [Insert]   Key = _   Payload = 0   success
29.02.2024 10:27:48   [Insert]   Key = J   Payload = 0   success
29.02.2024 10:27:49   [Insert]   Key = E   Payload = 0   success
29.02.2024 10:27:50   [Insert]   Key = V   Payload = 0   success
29.02.2024 10:27:51   [Insert]   Key = C   Payload = 0   success
29.02.2024 10:27:52   [Insert]   Key = <   Payload = 0   success
29.02.2024 10:27:53   [Insert]   Key = A   Payload = 0   success
29.02.2024 10:27:54   [Insert]   Key = a   Payload = 0   success
29.02.2024 10:27:55   [Insert]   Key = S   Payload = 0   success
29.02.2024 10:27:56   [Insert]   Key = \   Payload = 0   success
29.02.2024 10:27:57   [Insert]   Key = 3   Payload = 0   success
29.02.2024 10:27:58   [Insert]   Key = ;   Payload = 0   success
29.02.2024 10:27:59   [Insert]   Key = F   Payload = 0   success
29.02.2024 10:28:00   [Insert]   Key = Q   Payload = 0   success
29.02.2024 10:28:01   [Insert]   Key = G   Payload = 0   success
29.02.2024 10:28:02   [Insert]   Key = >   Payload = 0   success
29.02.2024 10:28:03   [Insert]   Key = Y   Payload = 0   success
29.02.2024 10:28:04   [Insert]   Key = ;   Payload = 0   success
29.02.2024 10:28:05   [Insert]   Key = 3   Payload = 0   success
29.02.2024 10:28:06   [Insert]   Key = B   Payload = 0   success
29.02.2024 10:28:07   [Insert]   Key = _   Payload = 0   success
29.02.2024 10:28:08   [Insert]   Key = \   Payload = 0   success
29.02.2024 10:28:09   [Insert]   Key = <   Payload = 0   success
29.02.2024 10:28:10   [Insert]   Key = 7   Payload = 0   success
29.02.2024 10:28:11   [Insert]   Key = U   Payload = 0   success
29.02.2024 10:28:12   [Insert]   Key = 9   Payload = 0   success
29.02.2024 10:28:13   [Insert]   Key = G   Payload = 0   success
29.02.2024 10:28:15   [Insert]   Key = Y   Payload = 0   success
29.02.2024 10:28:16   [Insert]   Key = M   Payload = 0   success
29.02.2024 10:28:17   [Insert]   Key = L   Payload = 0   success
29.02.2024 10:28:18   [Insert]   Key = @   Payload = 0   success
29.02.2024 10:28:19   [Insert]   Key = S   Payload = 0   success
29.02.2024 10:28:20   [Insert]   Key = X   Payload = 0   success
29.02.2024 10:28:21   [Insert]   Key = Z   Payload = 0   success
29.02.2024 10:28:22   [Insert]   Key = V   Payload = 0   success
29.02.2024 10:28:23   [Insert]   Key = 6   Payload = 0   success
29.02.2024 10:28:24   [Insert]   Key = X   Payload = 0   success
29.02.2024 10:28:25   [Insert]   Key = Z   Payload = 0   success
29.02.2024 10:28:26   [Insert]   Key = >   Payload = 0   success
29.02.2024 10:28:27   [Insert]   Key = `   Payload = 0   success
29.02.2024 10:28:28   [Insert]   Key = ^   Payload = 0   success
29.02.2024 10:28:29   [Insert]   Key = 5   Payload = 0   success
29.02.2024 10:28:30   [Insert]   Key = X   Payload = 0   success
29.02.2024 10:28:31   [Insert]   Key = M   Payload = 0   success
29.02.2024 10:28:32   [Insert]   Key = D   Payload = 0   success
29.02.2024 10:28:33   [Insert]   Key = 0   Payload = 0   success
29.02.2024 10:28:34   [Insert]   Key = 6   Payload = 0   success
29.02.2024 10:28:35   [Insert]   Key = 1   Payload = 0   success
29.02.2024 10:28:36   [Insert]   Key = [   Payload = 0   success
29.02.2024 10:28:37   [Insert]   Key = `   Payload = 0   success
29.02.2024 10:28:38   [Insert]   Key = M   Payload = 0   success
29.02.2024 10:28:39   [Insert]   Key = G   Payload = 0   success
29.02.2024 10:28:40   [Insert]   Key = R   Payload = 0   success
29.02.2024 10:28:41   [Insert]   Key = 4   Payload = 0   success
29.02.2024 10:28:42   [Insert]   Key = 6   Payload = 0   success
29.02.2024 10:28:43   [Insert]   Key = X   Payload = 0   success
29.02.2024 10:28:44   [Insert]   Key = @   Payload = 0   success
29.02.2024 10:28:45   [Insert]   Key = J   Payload = 0   success
29.02.2024 10:28:46   [Insert]   Key = O   Payload = 0   success
29.02.2024 10:28:47   [Insert]   Key = 8   Payload = 0   success
29.02.2024 10:28:48   [Insert]   Key = \   Payload = 0   success
29.02.2024 10:28:49   [Insert]   Key = W   Payload = 0   success
29.02.2024 10:28:50   [Insert]   Key = J   Payload = 0   success
29.02.2024 10:28:51   [Insert]   Key = G   Payload = 0   success
29.02.2024 10:28:52   [Insert]   Key = U   Payload = 0   success
29.02.2024 10:28:53   [Insert]   Key = V   Payload = 0   success
29.02.2024 10:28:54   [Insert]   Key = B   Payload = 0   success
29.02.2024 10:28:55   [Insert]   Key = P   Payload = 0   success
29.02.2024 10:28:56   [Insert]   Key = M   Payload = 0   success
29.02.2024 10:28:57   [Insert]   Key = Y   Payload = 0   success
29.02.2024 10:28:58   [Insert]   Key = Q   Payload = 0   success
29.02.2024 10:28:59   [Insert]   Key = ?   Payload = 0   success
29.02.2024 10:29:00   [Insert]   Key = W   Payload = 0   success
29.02.2024 10:29:01   [Insert]   Key = 8   Payload = 0   success
29.02.2024 10:29:02   [Insert]   Key = 4   Payload = 0   success
29.02.2024 10:29:03   [Insert]   Key = N   Payload = 0   success
29.02.2024 10:29:04   [Insert]   Key = K   Payload = 0   success
29.02.2024 10:29:05   [Insert]   Key = 6   Payload = 0   success
29.02.2024 10:29:06   [Insert]   Key = G   Payload = 0   success
29.02.2024 10:29:07   [Insert]   Key = T   Payload = 0   success
29.02.2024 10:29:08   [Insert]   Key = E   Payload = 0   success
29.02.2024 10:29:09   [Insert]   Key = ]   Payload = 0   success
29.02.2024 10:29:10   [Insert]   Key = H   Payload = 0   success
29.02.2024 10:29:11   [Insert]   Key = F   Payload = 0   success
29.02.2024 10:29:12   [Insert]   Key = D   Payload = 0   success
29.02.2024 10:45:29   [Insert]   Key = Y   Payload = 0   success
29.02.2024 10:45:30   [Insert]   Key = A   Payload = 0   success
29.02.2024 10:45:31   [Insert]   Key = R   Payload = 0   success
29.02.2024 10:45:32   [Insert]   Key = 0   Payload = 0   success
29.02.2024 10:45:33   [Insert]   Key = C   Payload = 0   success
29.02.2024 10:45:34   [Insert]   Key = H   Payload = 0   success
29.02.2024 10:45:35   [Insert]   Key = L   Payload = 0   success
29.02.2024 10:45:36   [Insert]   Key = 8   Payload = 0   success
29.02.2024 10:45:37   [Insert]   Key = <   Payload = 0   success
29.02.2024 10:45:38   [Insert]   Key = >   Payload = 0   success
29.02.2024 10:45:39   [Insert]   Key = 5   Payload = 0   success
29.02.2024 10:45:40   [Insert]   Key = ]   Payload = 0   success
29.02.2024 10:45:41   [Insert]   Key = O   Payload = 0   success
29.02.2024 10:45:42   [Insert]   Key = K   Payload = 0   success
29.02.2024 10:45:43   [Insert]   Key = ;   Payload = 0   success
29.02.2024 10:45:44   [Insert]   Key = Y   Payload = 0   success
29.02.2024 10:45:45   [Insert]   Key = ]   Payload = 0   success
29.02.2024 10:45:46   [Insert]   Key = Z   Payload = 0   success
29.02.2024 10:45:47   [Insert]   Key = K   Payload = 0   success
29.02.2024 10:45:48   [Insert]   Key = T   Payload = 0   success
29.02.2024 10:45:49   [Insert]   Key = Y   Payload = 0   success
29.02.2024 10:45:50   [Insert]   Key = 4   Payload = 0   success
29.02.2024 10:45:51   [Insert]   Key = 2   Payload = 0   success
29.02.2024 10:50:56   [Insert]   Key = Y   Payload = 0   success
29.02.2024 10:50:57   [Insert]   Key = A   Payload = 0   success
29.02.2024 10:50:58   [Insert]   Key = R   Payload = 0   success
29.02.2024 10:50:59   [Insert]   Key = 0   Payload = 0   success
29.02.2024 10:51:00   [Insert]   Key = C   Payload = 0   success
29.02.2024 10:51:01   [Insert]   Key = H   Payload = 0   success
29.02.2024 10:51:02   [Insert]   Key = L   Payload = 0   success
29.02.2024 10:51:03   [Insert]   Key = 8   Payload = 0   success
29.02.2024 10:51:04   [Insert]   Key = <   Payload = 0   success
29.02.2024 10:51:05   [Insert]   Key = >   Payload = 0   success
29.02.2024 10:51:06   [Insert]   Key = 5   Payload = 0   success
29.02.2024 10:51:07   [Insert]   Key = ]   Payload = 0   success
29.02.2024 10:51:08   [Insert]   Key = O   Payload = 0   success
29.02.2024 10:51:09   [Insert]   Key = K   Payload = 0   success
29.02.2024 10:51:10   [Insert]   Key = ;   Payload = 0   success
29.02.2024 10:51:11   [Insert]   Key = Y   Payload = 0   success
29.02.2024 10:51:12   [Insert]   Key = ]   Payload = 0   success
29.02.2024 10:51:13   [Insert]   Key = Z   Payload = 0   success
29.02.2024 10:51:14   [Insert]   Key = K   Payload = 0   success
29.02.2024 10:51:15   [Insert]   Key = T   Payload = 0   success
29.02.2024 10:51:16   [Insert]   Key = Y   Payload = 0   success
29.02.2024 10:51:17   [Insert]   Key = 4   Payload = 0   success
29.02.2024 10:51:18   [Insert]   Key = 2   Payload = 0   success
29.02.2024 10:51:19   [Insert]   Key = 3   Payload = 0   success
29.02.2024 10:51:20   [Insert]   Key = Z   Payload = 0   success
29.02.2024 10:51:21   [Insert]   Key = P   Payload = 0   success
29.02.2024 10:51:22   [Insert]   Key = E   Payload = 0   success
29.02.2024 10:51:23   [Insert]   Key = @   Payload = 0   success
29.02.2024 10:51:24   [Insert]   Key = B   Payload = 0   success
29.02.2024 10:51:25   [Insert]   Key = ]   Payload = 0   success
29.02.2024 10:51:26   [Insert]   Key = _   Payload = 0   success
29.02.2024 10:51:27   [Insert]   Key = J   Payload = 0   success
29.02.2024 10:51:28   [Insert]   Key = E   Payload = 0   success
29.02.2024 10:51:29   [Insert]   Key = V   Payload = 0   success
29.02.2024 10:51:30   [Insert]   Key = C   Payload = 0   success
29.02.2024 10:51:31   [Insert]   Key = <   Payload = 0   success
29.02.2024 10:51:32   [Insert]   Key = A   Payload = 0   success
29.02.2024 10:51:33   [Insert]   Key = a   Payload = 0   success
29.02.2024 10:51:34   [Insert]   Key = S   Payload = 0   success
29.02.2024 10:51:35   [Insert]   Key = \   Payload = 0   success
29.02.2024 10:51:36   [Insert]   Key = 3   Payload = 0   success
29.02.2024 10:51:37   [Insert]   Key = ;   Payload = 0   success
29.02.2024 10:51:38   [Insert]   Key = F   Payload = 0   success
29.02.2024 10:51:39   [Insert]   Key = Q   Payload = 0   success
29.02.2024 10:51:40   [Insert]   Key = G   Payload = 0   success
29.02.2024 10:51:41   [Insert]   Key = >   Payload = 0   success
29.02.2024 10:51:42   [Insert]   Key = Y   Payload = 0   success
29.02.2024 10:51:43   [Insert]   Key = ;   Payload = 0   success
29.02.2024 10:51:44   [Insert]   Key = 3   Payload = 0   success
29.02.2024 10:51:45   [Insert]   Key = B   Payload = 0   success
29.02.2024 10:51:46   [Insert]   Key = _   Payload = 0   success
29.02.2024 10:51:47   [Insert]   Key = \   Payload = 0   success
29.02.2024 10:51:48   [Insert]   Key = <   Payload = 0   success
29.02.2024 10:51:49   [Insert]   Key = 7   Payload = 0   success
29.02.2024 10:51:50   [Insert]   Key = U   Payload = 0   success
29.02.2024 10:51:51   [Insert]   Key = 9   Payload = 0   success
29.02.2024 10:51:52   [Insert]   Key = G   Payload = 0   success
29.02.2024 10:51:53   [Insert]   Key = Y   Payload = 0   success
29.02.2024 10:51:54   [Insert]   Key = M   Payload = 0   success
29.02.2024 10:51:55   [Insert]   Key = L   Payload = 0   success
29.02.2024 10:51:56   [Insert]   Key = @   Payload = 0   success
29.02.2024 10:51:57   [Insert]   Key = S   Payload = 0   success
29.02.2024 10:51:58   [Insert]   Key = X   Payload = 0   success
29.02.2024 10:51:59   [Insert]   Key = Z   Payload = 0   success
29.02.2024 10:52:00   [Insert]   Key = V   Payload = 0   success
29.02.2024 10:52:01   [Insert]   Key = 6   Payload = 0   success
29.02.2024 10:52:02   [Insert]   Key = X   Payload = 0   success
29.02.2024 10:52:03   [Insert]   Key = Z   Payload = 0   success
29.02.2024 10:52:04   [Insert]   Key = >   Payload = 0   success
29.02.2024 10:52:05   [Insert]   Key = `   Payload = 0   success
29.02.2024 10:52:06   [Insert]   Key = ^   Payload = 0   success
29.02.2024 10:52:07   [Insert]   Key = 5   Payload = 0   success
29.02.2024 10:52:08   [Insert]   Key = X   Payload = 0   success
29.02.2024 10:52:09   [Insert]   Key = M   Payload = 0   success
29.02.2024 10:52:10   [Insert]   Key = D   Payload = 0   success
29.02.2024 10:52:11   [Insert]   Key = 0   Payload = 0   success
29.02.2024 10:52:12   [Insert]   Key = 6   Payload = 0   success
29.02.2024 10:52:13   [Insert]   Key = 1   Payload = 0   success
29.02.2024 10:52:14   [Insert]   Key = [   Payload = 0   success
29.02.2024 10:52:15   [Insert]   Key = `   Payload = 0   success
29.02.2024 10:52:16   [Insert]   Key = M   Payload = 0   success
29.02.2024 10:52:17   [Insert]   Key = G   Payload = 0   success
29.02.2024 10:52:18   [Insert]   Key = R   Payload = 0   success
29.02.2024 10:52:19   [Insert]   Key = 4   Payload = 0   success
29.02.2024 10:52:20   [Insert]   Key = 6   Payload = 0   success
29.02.2024 10:52:21   [Insert]   Key = X   Payload = 0   success
29.02.2024 10:52:22   [Insert]   Key = @   Payload = 0   success
29.02.2024 10:52:23   [Insert]   Key = J   Payload = 0   success
29.02.2024 10:52:24   [Insert]   Key = O   Payload = 0   success
29.02.2024 10:52:25   [Insert]   Key = 8   Payload = 0   success
29.02.2024 10:52:26   [Insert]   Key = \   Payload = 0   success
29.02.2024 10:52:27   [Insert]   Key = W   Payload = 0   success
29.02.2024 10:52:28   [Insert]   Key = J   Payload = 0   success
29.02.2024 10:52:29   [Insert]   Key = G   Payload = 0   success
29.02.2024 10:52:30   [Insert]   Key = U   Payload = 0   success
29.02.2024 10:52:31   [Insert]   Key = V   Payload = 0   success
29.02.2024 10:52:32   [Insert]   Key = B   Payload = 0   success
29.02.2024 10:52:33   [Insert]   Key = P   Payload = 0   success
29.02.2024 10:52:34   [Insert]   Key = M   Payload = 0   success
29.02.2024 10:52:35   [Insert]   Key = Y   Payload = 0   success
29.02.2024 10:52:36   [Insert]   Key = Q   Payload = 0   success
29.02.2024 10:52:37   [Insert]   Key = ?   Payload = 0   success
29.02.2024 10:52:38   [Insert]   Key = W   Payload = 0   success
29.02.2024 10:52:39   [Insert]   Key = 8   Payload = 0   success
29.02.2024 10:52:40   [Insert]   Key = 4   Payload = 0   success
29.02.2024 10:52:41   [Insert]   Key = N   Payload = 0   success
29.02.2024 10:52:42   [Insert]   Key = K   Payload = 0   success
29.02.2024 10:52:43   [Insert]   Key = 6   Payload = 0   success
29.02.2024 10:52:44   [Insert]   Key = G   Payload = 0   success
29.02.2024 10:52:45   [Insert]   Key = T   Payload = 0   success
29.02.2024 10:52:46   [Insert]   Key = E   Payload = 0   success
29.02.2024 10:52:47   [Insert]   Key = ]   Payload = 0   success
29.02.2024 10:52:48   [Insert]   Key = H   Payload = 0   success
29.02.2024 10:52:49   [Insert]   Key = F   Payload = 0   success
29.02.2024 10:52:50   [Insert]   Key = D   Payload = 0   success
29.02.2024 10:52:51   [Insert]   Key = M   Payload = 0   success
29.02.2024 10:52:52   [Insert]   Key = K   Payload = 0   success
29.02.2024 10:52:53   [Insert]   Key = G   Payload = 0   success
29.02.2024 10:52:54   [Insert]   Key = _   Payload = 0   success
29.02.2024 10:52:55   [Insert]   Key = <   Payload = 0   success
29.02.2024 10:52:57   [Insert]   Key = T   Payload = 0   success
29.02.2024 10:52:58   [Insert]   Key = X   Payload = 0   success
29.02.2024 10:52:59   [Insert]   Key = ;   Payload = 0   success
29.02.2024 10:53:00   [Insert]   Key = T   Payload = 0   success
29.02.2024 10:53:01   [Insert]   Key = 5   Payload = 0   success
29.02.2024 10:53:02   [Insert]   Key = A   Payload = 0   success
29.02.2024 10:53:03   [Insert]   Key = 5   Payload = 0   success
29.02.2024 10:53:04   [Insert]   Key = H   Payload = 0   success
29.02.2024 10:53:05   [Insert]   Key = O   Payload = 0   success
29.02.2024 10:53:06   [Insert]   Key = 2   Payload = 0   success
29.02.2024 10:53:07   [Insert]   Key = 0   Payload = 0   success
29.02.2024 10:53:08   [Insert]   Key = 0   Payload = 0   success
29.02.2024 10:53:09   [Insert]   Key = Y   Payload = 0   success
29.02.2024 10:53:10   [Insert]   Key = H   Payload = 0   success
29.02.2024 10:53:11   [Insert]   Key = @   Payload = 0   success
29.02.2024 10:53:12   [Insert]   Key = N   Payload = 0   success
29.02.2024 10:53:13   [Insert]   Key = 7   Payload = 0   success
29.02.2024 10:53:14   [Insert]   Key = Y   Payload = 0   success
29.02.2024 10:53:15   [Insert]   Key = 7   Payload = 0   success
29.02.2024 10:53:16   [Insert]   Key = U   Payload = 0   success
29.02.2024 10:53:17   [Insert]   Key = 7   Payload = 0   success
29.02.2024 10:53:18   [Insert]   Key = U   Payload = 0   success
29.02.2024 10:53:19   [Insert]   Key = 3   Payload = 0   success
29.02.2024 10:53:20   [Insert]   Key = Q   Payload = 0   success
29.02.2024 10:53:21   [Insert]   Key = ]   Payload = 0   success
29.02.2024 10:53:22   [Insert]   Key = 9   Payload = 0   success
29.02.2024 10:53:23   [Insert]   Key = 9   Payload = 0   success
29.02.2024 10:53:24   [Insert]   Key = 8   Payload = 0   success
29.02.2024 10:53:25   [Insert]   Key = E   Payload = 0   success
29.02.2024 10:53:26   [Insert]   Key = V   Payload = 0   success
29.02.2024 10:53:27   [Insert]   Key = F   Payload = 0   success
29.02.2024 10:53:28   [Insert]   Key = ^   Payload = 0   success
29.02.2024 10:53:29   [Insert]   Key = 6   Payload = 0   success
29.02.2024 10:53:30   [Insert]   Key = N   Payload = 0   success
29.02.2024 10:53:31   [Insert]   Key = =   Payload = 0   success
29.02.2024 10:53:32   [Insert]   Key = B   Payload = 0   success
29.02.2024 10:53:33   [Insert]   Key = 0   Payload = 0   success
29.02.2024 10:53:34   [Insert]   Key = Y   Payload = 0   success
29.02.2024 10:53:35   [Insert]   Key = <   Payload = 0   success
29.02.2024 10:53:36   [Insert]   Key = 5   Payload = 0   success
29.02.2024 10:53:37   [Insert]   Key = :   Payload = 0   success
29.02.2024 10:53:38   [Insert]   Key = 9   Payload = 0   success
29.02.2024 10:53:39   [Insert]   Key = H   Payload = 0   success
29.02.2024 10:53:40   [Insert]   Key = U   Payload = 0   success
29.02.2024 10:53:41   [Insert]   Key = `   Payload = 0   success
29.02.2024 10:53:42   [Insert]   Key = Q   Payload = 0   success
29.02.2024 10:53:43   [Insert]   Key = ]   Payload = 0   success
29.02.2024 10:53:44   [Insert]   Key = Y   Payload = 0   success
29.02.2024 10:53:45   [Insert]   Key = 2   Payload = 0   success
29.02.2024 10:53:46   [Insert]   Key = 0   Payload = 0   success
29.02.2024 10:53:47   [Insert]   Key = Y   Payload = 0   success
29.02.2024 10:53:48   [Insert]   Key = T   Payload = 0   success
29.02.2024 10:53:49   [Insert]   Key = H   Payload = 0   success
29.02.2024 10:53:50   [Insert]   Key = D   Payload = 0   success
29.02.2024 10:53:51   [Insert]   Key = ^   Payload = 0   success
29.02.2024 10:53:52   [Insert]   Key = E   Payload = 0   success
29.02.2024 10:53:53   [Insert]   Key = `   Payload = 0   success
29.02.2024 10:53:54   [Insert]   Key = a   Payload = 0   success
29.02.2024 10:53:55   [Insert]   Key = B   Payload = 0   success
29.02.2024 10:53:56   [Insert]   Key = R   Payload = 0   success
29.02.2024 10:53:57   [Insert]   Key = O   Payload = 0   success
29.02.2024 10:53:58   [Insert]   Key = R   Payload = 0   success
29.02.2024 10:53:59   [Insert]   Key = 3   Payload = 0   success
29.02.2024 10:54:00   [Insert]   Key = a   Payload = 0   success
29.02.2024 10:54:01   [Insert]   Key = B   Payload = 0   success
29.02.2024 10:54:02   [Insert]   Key = V   Payload = 0   success
29.02.2024 10:54:03   [Insert]   Key = 0   Payload = 0   success
29.02.2024 10:54:04   [Insert]   Key = V   Payload = 0   success
29.02.2024 10:54:05   [Insert]   Key = K   Payload = 0   success
29.02.2024 10:54:06   [Insert]   Key = A   Payload = 0   success
29.02.2024 10:54:07   [Insert]   Key = L   Payload = 0   success
29.02.2024 10:54:08   [Insert]   Key = [   Payload = 0   success
29.02.2024 10:54:09   [Insert]   Key = `   Payload = 0   success
29.02.2024 10:54:10   [Insert]   Key = Q   Payload = 0   success
29.02.2024 10:54:11   [Insert]   Key = 7   Payload = 0   success
29.02.2024 10:54:12   [Insert]   Key = E   Payload = 0   success
29.02.2024 10:54:13   [Insert]   Key = :   Payload = 0   success
29.02.2024 10:54:14   [Insert]   Key = A   Payload = 0   success
29.02.2024 10:54:15   [Insert]   Key = =   Payload = 0   success
29.02.2024 10:54:16   [Insert]   Key = >   Payload = 0   success
29.02.2024 10:54:17   [Insert]   Key = 9   Payload = 0   success
29.02.2024 10:54:18   [Insert]   Key = @   Payload = 0   success
29.02.2024 10:54:19   [Insert]   Key = S   Payload = 0   success
29.02.2024 10:54:20   [Insert]   Key = 1   Payload = 0   success
29.02.2024 10:54:21   [Insert]   Key = 0   Payload = 0   success
29.02.2024 10:54:22   [Insert]   Key = a   Payload = 0   success
29.02.2024 10:54:23   [Insert]   Key = C   Payload = 0   success
29.02.2024 10:54:24   [Insert]   Key = 6   Payload = 0   success
29.02.2024 10:54:25   [Insert]   Key = `   Payload = 0   success
29.02.2024 10:54:26   [Insert]   Key = 3   Payload = 0   success
29.02.2024 10:54:27   [Insert]   Key = H   Payload = 0   success
29.02.2024 10:54:28   [Insert]   Key = 8   Payload = 0   success
29.02.2024 10:54:29   [Insert]   Key = \   Payload = 0   success
29.02.2024 10:54:30   [Insert]   Key = 9   Payload = 0   success
29.02.2024 10:54:31   [Insert]   Key = W   Payload = 0   success
29.02.2024 10:54:32   [Insert]   Key = 2   Payload = 0   success
29.02.2024 10:54:33   [Insert]   Key = ]   Payload = 0   success
29.02.2024 10:54:34   [Insert]   Key = S   Payload = 0   success
29.02.2024 10:54:35   [Insert]   Key = [   Payload = 0   success
29.02.2024 10:54:36   [Insert]   Key = [   Payload = 0   success
29.02.2024 10:54:37   [Insert]   Key = G   Payload = 0   success
29.02.2024 10:54:38   [Insert]   Key = U   Payload = 0   success
29.02.2024 10:54:39   [Insert]   Key = >   Payload = 0   success
29.02.2024 10:54:40   [Insert]   Key = 3   Payload = 0   success
29.02.2024 10:54:41   [Insert]   Key = `   Payload = 0   success
29.02.2024 10:54:42   [Insert]   Key = 0   Payload = 0   success
29.02.2024 10:54:43   [Insert]   Key = 8   Payload = 0   success
29.02.2024 10:54:44   [Insert]   Key = B   Payload = 0   success
29.02.2024 10:54:45   [Insert]   Key = N   Payload = 0   success
29.02.2024 10:54:46   [Insert]   Key = ^   Payload = 0   success
29.02.2024 10:54:47   [Insert]   Key = `   Payload = 0   success
29.02.2024 10:54:48   [Insert]   Key = O   Payload = 0   success
29.02.2024 10:54:49   [Insert]   Key = W   Payload = 0   success
29.02.2024 10:54:50   [Insert]   Key = `   Payload = 0   success
29.02.2024 10:54:51   [Insert]   Key = 9   Payload = 0   success
29.02.2024 10:54:52   [Insert]   Key = 7   Payload = 0   success
29.02.2024 10:54:53   [Insert]   Key = F   Payload = 0   success
29.02.2024 10:54:54   [Insert]   Key = F   Payload = 0   success
29.02.2024 10:54:55   [Insert]   Key = V   Payload = 0   success
29.02.2024 10:54:56   [Insert]   Key = Z   Payload = 0   success
29.02.2024 10:54:57   [Insert]   Key = V   Payload = 0   success
29.02.2024 10:54:58   [Insert]   Key = M   Payload = 0   success
29.02.2024 10:54:59   [Insert]   Key = X   Payload = 0   success
29.02.2024 10:55:01   [Insert]   Key = 7   Payload = 0   success
29.02.2024 10:55:02   [Insert]   Key = 8   Payload = 0   success
29.02.2024 10:55:03   [Insert]   Key = Y   Payload = 0   success
29.02.2024 10:55:04   [Insert]   Key = ?   Payload = 0   success
29.02.2024 10:55:05   [Insert]   Key = V   Payload = 0   success
29.02.2024 10:55:06   [Insert]   Key = 6   Payload = 0   success
29.02.2024 10:55:07   [Insert]   Key = ;   Payload = 0   success
29.02.2024 10:55:08   [Insert]   Key = 2   Payload = 0   success
29.02.2024 10:55:09   [Insert]   Key = R   Payload = 0   success
29.02.2024 10:55:10   [Insert]   Key = F   Payload = 0   success
29.02.2024 10:55:11   [Insert]   Key = 5   Payload = 0   success
29.02.2024 10:55:12   [Insert]   Key = L   Payload = 0   success
29.02.2024 10:55:13   [Insert]   Key = ^   Payload = 0   success
29.02.2024 10:55:14   [Insert]   Key = <   Payload = 0   success
29.02.2024 10:55:15   [Insert]   Key = T   Payload = 0   success
29.02.2024 10:55:16   [Insert]   Key = I   Payload = 0   success
29.02.2024 10:55:17   [Insert]   Key = Q   Payload = 0   success
29.02.2024 10:55:18   [Insert]   Key = C   Payload = 0   success
29.02.2024 10:55:19   [Insert]   Key = Z   Payload = 0   success
29.02.2024 10:55:20   [Insert]   Key = \   Payload = 0   success
29.02.2024 10:55:21   [Insert]   Key = @   Payload = 0   success
29.02.2024 10:55:22   [Insert]   Key = O   Payload = 0   success
29.02.2024 10:55:23   [Insert]   Key = `   Payload = 0   success
29.02.2024 10:55:24   [Insert]   Key = F   Payload = 0   success
29.02.2024 10:55:25   [Insert]   Key = 1   Payload = 0   success
29.02.2024 10:55:26   [Insert]   Key = E   Payload = 0   success
29.02.2024 10:55:27   [Insert]   Key = a   Payload = 0   success
29.02.2024 10:55:28   [Insert]   Key = 7   Payload = 0   success
29.02.2024 10:55:29   [Insert]   Key = J   Payload = 0   success
29.02.2024 10:55:30   [Insert]   Key = Z   Payload = 0   success
29.02.2024 10:55:31   [Insert]   Key = W   Payload = 0   success
29.02.2024 10:55:32   [Insert]   Key = I   Payload = 0   success
29.02.2024 10:55:33   [Insert]   Key = <   Payload = 0   success
29.02.2024 10:55:34   [Insert]   Key = 0   Payload = 0   success
29.02.2024 10:55:35   [Insert]   Key = :   Payload = 0   success
29.02.2024 10:55:36   [Insert]   Key = 3   Payload = 0   success
29.02.2024 10:55:37   [Insert]   Key = C   Payload = 0   success
29.02.2024 10:55:38   [Insert]   Key = ;   Payload = 0   success
29.02.2024 10:55:39   [Insert]   Key = V   Payload = 0   success
29.02.2024 10:55:40   [Insert]   Key = 1   Payload = 0   success
29.02.2024 10:55:41   [Insert]   Key = W   Payload = 0   success
29.02.2024 10:55:42   [Insert]   Key = 5   Payload = 0   success
29.02.2024 10:55:43   [Insert]   Key = G   Payload = 0   success
29.02.2024 10:55:44   [Insert]   Key = 2   Payload = 0   success
29.02.2024 10:55:45   [Insert]   Key = S   Payload = 0   success
29.02.2024 10:55:46   [Insert]   Key = P   Payload = 0   success
29.02.2024 10:55:47   [Insert]   Key = S   Payload = 0   success
29.02.2024 10:55:48   [Insert]   Key = V   Payload = 0   success
29.02.2024 10:55:49   [Insert]   Key = J   Payload = 0   success
29.02.2024 10:55:50   [Insert]   Key = A   Payload = 0   success
29.02.2024 10:55:51   [Insert]   Key = 7   Payload = 0   success
29.02.2024 10:55:52   [Insert]   Key = P   Payload = 0   success
29.02.2024 10:55:53   [Insert]   Key = P   Payload = 0   success
29.02.2024 10:55:54   [Insert]   Key = C   Payload = 0   success
29.02.2024 10:55:55   [Insert]   Key = 4   Payload = 0   success
29.02.2024 10:55:56   [Insert]   Key = E   Payload = 0   success
29.02.2024 10:55:57   [Insert]   Key = W   Payload = 0   success
29.02.2024 10:55:58   [Insert]   Key = J   Payload = 0   success
29.02.2024 10:55:59   [Insert]   Key = M   Payload = 0   success
29.02.2024 10:56:00   [Insert]   Key = B   Payload = 0   success
29.02.2024 10:56:01   [Insert]   Key = Z   Payload = 0   success
29.02.2024 10:56:02   [Insert]   Key = I   Payload = 0   success
29.02.2024 10:56:03   [Insert]   Key = 5   Payload = 0   success
29.02.2024 10:56:04   [Insert]   Key = R   Payload = 0   success
29.02.2024 10:56:05   [Insert]   Key = a   Payload = 0   success
29.02.2024 10:56:06   [Insert]   Key = Y   Payload = 0   success
29.02.2024 10:56:07   [Insert]   Key = <   Payload = 0   success
29.02.2024 10:56:08   [Insert]   Key = ]   Payload = 0   success
29.02.2024 10:56:09   [Insert]   Key = :   Payload = 0   success
29.02.2024 10:56:10   [Insert]   Key = B   Payload = 0   success
29.02.2024 10:56:11   [Insert]   Key = 3   Payload = 0   success
29.02.2024 10:56:12   [Insert]   Key = W   Payload = 0   success
29.02.2024 10:56:13   [Insert]   Key = G   Payload = 0   success
29.02.2024 10:56:14   [Insert]   Key = M   Payload = 0   success
29.02.2024 10:56:15   [Insert]   Key = ^   Payload = 0   success
29.02.2024 10:56:16   [Insert]   Key = U   Payload = 0   success
29.02.2024 10:56:17   [Insert]   Key = M   Payload = 0   success
29.02.2024 10:56:18   [Insert]   Key = a   Payload = 0   success
29.02.2024 10:56:19   [Insert]   Key = U   Payload = 0   success
29.02.2024 10:56:20   [Insert]   Key = @   Payload = 0   success
29.02.2024 10:56:21   [Insert]   Key = a   Payload = 0   success
29.02.2024 10:56:22   [Insert]   Key = [   Payload = 0   success
29.02.2024 10:56:23   [Insert]   Key = ]   Payload = 0   success
29.02.2024 10:56:24   [Insert]   Key = _   Payload = 0   success
29.02.2024 10:56:25   [Insert]   Key = @   Payload = 0   success
29.02.2024 10:56:26   [Insert]   Key = T   Payload = 0   success
29.02.2024 10:56:27   [Insert]   Key = 5   Payload = 0   success
29.02.2024 10:56:28   [Insert]   Key = V   Payload = 0   success
29.02.2024 10:56:29   [Insert]   Key = P   Payload = 0   success
29.02.2024 10:56:30   [Insert]   Key = 5   Payload = 0   success
29.02.2024 10:56:31   [Insert]   Key = R   Payload = 0   success
29.02.2024 10:56:32   [Insert]   Key = >   Payload = 0   success
29.02.2024 10:56:33   [Insert]   Key = 1   Payload = 0   success
29.02.2024 10:56:34   [Insert]   Key = @   Payload = 0   success
29.02.2024 10:56:35   [Insert]   Key = E   Payload = 0   success
29.02.2024 10:56:36   [Insert]   Key = T   Payload = 0   success
29.02.2024 10:56:37   [Insert]   Key = =   Payload = 0   success
29.02.2024 10:56:38   [Insert]   Key = =   Payload = 0   success
29.02.2024 10:56:39   [Insert]   Key = 5   Payload = 0   success
29.02.2024 10:56:40   [Insert]   Key = S   Payload = 0   success
29.02.2024 10:56:41   [Insert]   Key = 3   Payload = 0   success
29.02.2024 10:56:42   [Insert]   Key = <   Payload = 0   success
29.02.2024 10:56:43   [Insert]   Key = 8   Payload = 0   success
29.02.2024 10:56:44   [Insert]   Key = P   Payload = 0   success
29.02.2024 10:56:45   [Insert]   Key = ]   Payload = 0   success
29.02.2024 10:56:46   [Insert]   Key = =   Payload = 0   success
29.02.2024 10:56:47   [Insert]   Key = 6   Payload = 0   success
29.02.2024 10:56:48   [Insert]   Key = E   Payload = 0   success
29.02.2024 10:56:49   [Insert]   Key = 8   Payload = 0   success
29.02.2024 10:56:50   [Insert]   Key = ^   Payload = 0   success
29.02.2024 10:56:51   [Insert]   Key = P   Payload = 0   success
29.02.2024 10:56:52   [Insert]   Key = O   Payload = 0   success
29.02.2024 10:56:53   [Insert]   Key = \   Payload = 0   success
29.02.2024 10:56:54   [Insert]   Key = ^   Payload = 0   success
29.02.2024 10:56:55   [Insert]   Key = F   Payload = 0   success
29.02.2024 10:56:56   [Insert]   Key = M   Payload = 0   success
29.02.2024 10:56:57   [Insert]   Key = ;   Payload = 0   success
29.02.2024 10:56:58   [Insert]   Key = S   Payload = 0   success
29.02.2024 10:56:59   [Insert]   Key = 0   Payload = 0   success
29.02.2024 10:57:00   [Insert]   Key = G   Payload = 0   success
29.02.2024 10:57:01   [Insert]   Key = @   Payload = 0   success
29.02.2024 10:57:02   [Insert]   Key = \   Payload = 0   success
29.02.2024 10:57:03   [Insert]   Key = 9   Payload = 0   success
29.02.2024 10:57:04   [Insert]   Key = Z   Payload = 0   success
29.02.2024 10:57:05   [Insert]   Key = W   Payload = 0   success
29.02.2024 10:57:06   [Insert]   Key = 3   Payload = 0   success
29.02.2024 10:57:07   [Insert]   Key = H   Payload = 0   success
29.02.2024 10:57:08   [Insert]   Key = 4   Payload = 0   success
29.02.2024 10:57:09   [Insert]   Key = :   Payload = 0   success
29.02.2024 10:57:10   [Insert]   Key = ]   Payload = 0   success
29.02.2024 10:57:11   [Insert]   Key = a   Payload = 0   success
29.02.2024 10:57:12   [Insert]   Key = T   Payload = 0   success
29.02.2024 10:57:13   [Insert]   Key = =   Payload = 0   success
29.02.2024 10:57:14   [Insert]   Key = H   Payload = 0   success
29.02.2024 10:57:15   [Insert]   Key = F   Payload = 0   success
29.02.2024 10:57:16   [Insert]   Key = B   Payload = 0   success
29.02.2024 10:57:17   [Insert]   Key = B   Payload = 0   success
29.02.2024 10:57:18   [Insert]   Key = U   Payload = 0   success
29.02.2024 10:57:19   [Insert]   Key = 5   Payload = 0   success
29.02.2024 10:57:20   [Insert]   Key = 8   Payload = 0   success
29.02.2024 10:57:21   [Insert]   Key = Y   Payload = 0   success
29.02.2024 10:57:22   [Insert]   Key = 2   Payload = 0   success
29.02.2024 10:57:23   [Insert]   Key = I   Payload = 0   success
29.02.2024 10:57:24   [Insert]   Key = K   Payload = 0   success
29.02.2024 10:57:25   [Insert]   Key = >   Payload = 0   success
29.02.2024 10:57:26   [Insert]   Key = >   Payload = 0   success
29.02.2024 10:57:27   [Insert]   Key = H   Payload = 0   success
29.02.2024 10:57:28   [Insert]   Key = R   Payload = 0   success
29.02.2024 10:57:29   [Insert]   Key = H   Payload = 0   success
29.02.2024 10:57:30   [Insert]   Key = F   Payload = 0   success
29.02.2024 10:57:31   [Insert]   Key = 9   Payload = 0   success
29.02.2024 10:57:32   [Insert]   Key = Q   Payload = 0   success
29.02.2024 10:57:33   [Insert]   Key = D   Payload = 0   success
29.02.2024 10:57:34   [Insert]   Key = U   Payload = 0   success
29.02.2024 10:57:35   [Insert]   Key = _   Payload = 0   success
29.02.2024 10:57:36   [Insert]   Key = B   Payload = 0   success
29.02.2024 10:57:37   [Insert]   Key = K   Payload = 0   success
29.02.2024 10:57:38   [Insert]   Key = G   Payload = 0   success
29.02.2024 10:57:39   [Insert]   Key = D   Payload = 0   success
29.02.2024 10:57:40   [Insert]   Key = =   Payload = 0   success
29.02.2024 10:57:41   [Insert]   Key = B   Payload = 0   success
29.02.2024 10:57:42   [Insert]   Key = Z   Payload = 0   success
29.02.2024 10:57:43   [Insert]   Key = S   Payload = 0   success
29.02.2024 10:57:44   [Insert]   Key = 2   Payload = 0   success
29.02.2024 10:57:45   [Insert]   Key = N   Payload = 0   success
29.02.2024 10:57:46   [Insert]   Key = =   Payload = 0   success
29.02.2024 10:57:47   [Insert]   Key = K   Payload = 0   success
29.02.2024 10:57:48   [Insert]   Key = 2   Payload = 0   success
29.02.2024 10:57:49   [Insert]   Key = a   Payload = 0   success
29.02.2024 10:57:50   [Insert]   Key = K   Payload = 0   success
29.02.2024 10:57:51   [Insert]   Key = I   Payload = 0   success
29.02.2024 10:57:52   [Insert]   Key = [   Payload = 0   success
29.02.2024 10:57:53   [Insert]   Key = H   Payload = 0   success
29.02.2024 10:57:54   [Insert]   Key = G   Payload = 0   success
29.02.2024 10:57:55   [Insert]   Key = F   Payload = 0   success
29.02.2024 10:57:56   [Insert]   Key = ;   Payload = 0   success
29.02.2024 10:57:57   [Insert]   Key = O   Payload = 0   success
29.02.2024 10:57:58   [Insert]   Key = 3   Payload = 0   success
29.02.2024 10:57:59   [Insert]   Key = P   Payload = 0   success
29.02.2024 10:58:00   [Insert]   Key = 5   Payload = 0   success
29.02.2024 10:58:01   [Insert]   Key = [   Payload = 0   success
29.02.2024 10:58:02   [Insert]   Key = I   Payload = 0   success
29.02.2024 10:58:03   [Insert]   Key = O   Payload = 0   success
29.02.2024 10:58:04   [Insert]   Key = Z   Payload = 0   success
29.02.2024 10:58:05   [Insert]   Key = Z   Payload = 0   success
29.02.2024 10:58:06   [Insert]   Key = F   Payload = 0   success
29.02.2024 10:58:07   [Insert]   Key = T   Payload = 0   success
29.02.2024 10:58:08   [Insert]   Key = >   Payload = 0   success
29.02.2024 10:58:09   [Insert]   Key = 0   Payload = 0   success
29.02.2024 10:58:10   [Insert]   Key = U   Payload = 0   success
29.02.2024 10:58:11   [Insert]   Key = :   Payload = 0   success
29.02.2024 10:58:12   [Insert]   Key = =   Payload = 0   success
29.02.2024 10:58:13   [Insert]   Key = H   Payload = 0   success
29.02.2024 10:58:14   [Insert]   Key = D   Payload = 0   success
29.02.2024 10:58:15   [Insert]   Key = D   Payload = 0   success
29.02.2024 10:58:16   [Insert]   Key = S   Payload = 0   success
29.02.2024 10:58:17   [Insert]   Key = Q   Payload = 0   success
29.02.2024 10:58:18   [Insert]   Key = ;   Payload = 0   success
29.02.2024 10:58:20   [Insert]   Key = :   Payload = 0   success
29.02.2024 10:58:21   [Insert]   Key = ^   Payload = 0   success
29.02.2024 10:58:22   [Insert]   Key = A   Payload = 0   success
29.02.2024 10:58:23   [Insert]   Key = S   Payload = 0   success
29.02.2024 10:58:24   [Insert]   Key = 0   Payload = 0   success
29.02.2024 10:58:25   [Insert]   Key = X   Payload = 0   success
29.02.2024 10:58:26   [Insert]   Key = \   Payload = 0   success
29.02.2024 10:58:27   [Insert]   Key = ]   Payload = 0   success
29.02.2024 10:58:28   [Insert]   Key = H   Payload = 0   success
29.02.2024 10:58:29   [Insert]   Key = C   Payload = 0   success
29.02.2024 10:58:30   [Insert]   Key = I   Payload = 0   success
29.02.2024 10:58:31   [Insert]   Key = J   Payload = 0   success
29.02.2024 10:58:32   [Insert]   Key = \   Payload = 0   success
29.02.2024 10:58:33   [Insert]   Key = 8   Payload = 0   success
29.02.2024 10:58:34   [Insert]   Key = 2   Payload = 0   success
29.02.2024 10:58:35   [Insert]   Key = E   Payload = 0   success
29.02.2024 10:58:36   [Insert]   Key = @   Payload = 0   success
29.02.2024 10:58:37   [Insert]   Key = L   Payload = 0   success
29.02.2024 10:58:38   [Insert]   Key = [   Payload = 0   success
29.02.2024 10:58:39   [Insert]   Key = 1   Payload = 0   success
29.02.2024 10:58:40   [Insert]   Key = R   Payload = 0   success
29.02.2024 10:58:41   [Insert]   Key = B   Payload = 0   success
29.02.2024 10:58:42   [Insert]   Key = >   Payload = 0   success
29.02.2024 10:58:43   [Insert]   Key = C   Payload = 0   success
29.02.2024 10:58:44   [Insert]   Key = 2   Payload = 0   success
29.02.2024 10:58:45   [Insert]   Key = 0   Payload = 0   success
29.02.2024 10:58:46   [Insert]   Key = U   Payload = 0   success
29.02.2024 10:58:47   [Insert]   Key = :   Payload = 0   success
29.02.2024 10:58:48   [Insert]   Key = J   Payload = 0   success
29.02.2024 10:58:49   [Insert]   Key = :   Payload = 0   success
29.02.2024 10:58:50   [Insert]   Key = 7   Payload = 0   success
29.02.2024 10:58:51   [Insert]   Key = D   Payload = 0   success
29.02.2024 10:58:52   [Insert]   Key = ?   Payload = 0   success
29.02.2024 10:58:53   [Insert]   Key = J   Payload = 0   success
29.02.2024 10:58:54   [Insert]   Key = K   Payload = 0   success
29.02.2024 10:58:55   [Insert]   Key = [   Payload = 0   success
29.02.2024 10:58:56   [Insert]   Key = 8   Payload = 0   success
29.02.2024 10:58:57   [Insert]   Key = >   Payload = 0   success
29.02.2024 10:58:58   [Insert]   Key = 9   Payload = 0   success
29.02.2024 10:58:59   [Insert]   Key = P   Payload = 0   success
29.02.2024 10:59:00   [Insert]   Key = T   Payload = 0   success
29.02.2024 10:59:01   [Insert]   Key = ?   Payload = 0   success
29.02.2024 10:59:02   [Insert]   Key = U   Payload = 0   success
29.02.2024 10:59:03   [Insert]   Key = K   Payload = 0   success
29.02.2024 10:59:04   [Insert]   Key = H   Payload = 0   success
29.02.2024 10:59:05   [Insert]   Key = I   Payload = 0   success
29.02.2024 10:59:06   [Insert]   Key = K   Payload = 0   success
29.02.2024 10:59:07   [Insert]   Key = M   Payload = 0   success
29.02.2024 10:59:08   [Insert]   Key = L   Payload = 0   success
29.02.2024 10:59:09   [Insert]   Key = G   Payload = 0   success
29.02.2024 10:59:10   [Insert]   Key = D   Payload = 0   success
29.02.2024 10:59:11   [Insert]   Key = 2   Payload = 0   success
29.02.2024 10:59:12   [Insert]   Key = <   Payload = 0   success
29.02.2024 10:59:13   [Insert]   Key = G   Payload = 0   success
29.02.2024 10:59:14   [Insert]   Key = ^   Payload = 0   success
29.02.2024 10:59:15   [Insert]   Key = U   Payload = 0   success
29.02.2024 10:59:16   [Insert]   Key = ;   Payload = 0   success
29.02.2024 11:05:08   [Insert]   Key = ]   Payload = 0   success
29.02.2024 11:05:10   [Insert]   Key = I   Payload = 0   success
29.02.2024 11:05:11   [Insert]   Key = >   Payload = 0   success
29.02.2024 11:05:12   [Insert]   Key = :   Payload = 0   success
29.02.2024 11:05:13   [Insert]   Key = 2   Payload = 0   success
29.02.2024 11:05:14   [Insert]   Key = @   Payload = 0   success
29.02.2024 11:05:15   [Insert]   Key = N   Payload = 0   success
29.02.2024 11:05:16   [Insert]   Key = J   Payload = 0   success
29.02.2024 11:05:17   [Insert]   Key = ;   Payload = 0   success
