28.02.2024 22:29:40   [Update]   Key = Y   oldPayload = 0   newPayload = 1   success
28.02.2024 22:29:41   [Update]   Key = A   oldPayload = 0   newPayload = 1   success
28.02.2024 22:29:42   [Update]   Key = R   oldPayload = 0   newPayload = 1   success
28.02.2024 22:29:43   [Update]   Key = 0   oldPayload = 0   newPayload = 1   success
28.02.2024 22:29:44   [Update]   Key = C   oldPayload = 0   newPayload = 1   success
28.02.2024 22:29:45   [Update]   Key = H   oldPayload = 0   newPayload = 1   success
29.02.2024 09:10:12   [Update]   Key = Y   oldPayload = -   newPayload = -   error
29.02.2024 09:10:13   [Update]   Key = A   oldPayload = 0   newPayload = 1   success
29.02.2024 09:10:14   [Update]   Key = R   oldPayload = -   newPayload = -   error
29.02.2024 09:10:15   [Update]   Key = 0   oldPayload = -   newPayload = -   error
29.02.2024 09:10:16   [Update]   Key = C   oldPayload = 0   newPayload = 1   success
29.02.2024 09:10:17   [Update]   Key = H   oldPayload = -   newPayload = -   error
29.02.2024 09:10:18   [Update]   Key = L   oldPayload = -   newPayload = -   error
29.02.2024 09:10:19   [Update]   Key = 8   oldPayload = -   newPayload = -   error
29.02.2024 09:10:20   [Update]   Key = <   oldPayload = 0   newPayload = 1   success
29.02.2024 09:10:21   [Update]   Key = >   oldPayload = 0   newPayload = 1   success
29.02.2024 09:10:22   [Update]   Key = 5   oldPayload = -   newPayload = -   error
29.02.2024 09:10:23   [Update]   Key = ]   oldPayload = -   newPayload = -   error
29.02.2024 09:10:24   [Update]   Key = O   oldPayload = -   newPayload = -   error
29.02.2024 09:10:25   [Update]   Key = K   oldPayload = -   newPayload = -   error
29.02.2024 09:10:26   [Update]   Key = ;   oldPayload = 0   newPayload = 1   success
29.02.2024 09:10:27   [Update]   Key = Y   oldPayload = 0   newPayload = 1   success
29.02.2024 09:10:28   [Update]   Key = ]   oldPayload = -   newPayload = -   error
29.02.2024 09:10:29   [Update]   Key = Z   oldPayload = -   newPayload = -   error
29.02.2024 09:10:30   [Update]   Key = K   oldPayload = -   newPayload = -   error
29.02.2024 09:10:31   [Update]   Key = T   oldPayload = -   newPayload = -   error
29.02.2024 09:10:32   [Update]   Key = Y   oldPayload = 1   newPayload = 2   success
29.02.2024 09:10:33   [Update]   Key = 4   oldPayload = -   newPayload = -   error
29.02.2024 09:10:34   [Update]   Key = 2   oldPayload = -   newPayload = -   error
29.02.2024 09:59:57   [Update]   Key = Y   oldPayload = -   newPayload = -   error
29.02.2024 09:59:58   [Update]   Key = A   oldPayload = -   newPayload = -   error
29.02.2024 10:27:27   [Update]   Key = Y   oldPayload = -   newPayload = -   error
29.02.2024 10:27:28   [Update]   Key = A   oldPayload = -   newPayload = -   error
29.02.2024 10:27:29   [Update]   Key = R   oldPayload = -   newPayload = -   error
29.02.2024 10:27:30   [Update]   Key = 0   oldPayload = -   newPayload = -   error
29.02.2024 10:27:31   [Update]   Key = C   oldPayload = -   newPayload = -   error
29.02.2024 10:27:32   [Update]   Key = H   oldPayload = -   newPayload = -   error
29.02.2024 10:27:33   [Update]   Key = L   oldPayload = -   newPayload = -   error
29.02.2024 10:27:34   [Update]   Key = 8   oldPayload = -   newPayload = -   error
29.02.2024 10:27:35   [Update]   Key = <   oldPayload = -   newPayload = -   error
29.02.2024 10:27:36   [Update]   Key = >   oldPayload = -   newPayload = -   error
29.02.2024 10:27:37   [Update]   Key = 5   oldPayload = -   newPayload = -   error
29.02.2024 10:27:38   [Update]   Key = ]   oldPayload = 0   newPayload = 1   success
29.02.2024 10:27:39   [Update]   Key = O   oldPayload = -   newPayload = -   error
29.02.2024 10:27:40   [Update]   Key = K   oldPayload = 0   newPayload = 1   success
29.02.2024 10:27:41   [Update]   Key = ;   oldPayload = -   newPayload = -   error
29.02.2024 10:27:42   [Update]   Key = Y   oldPayload = 0   newPayload = 1   success
29.02.2024 10:27:43   [Update]   Key = ]   oldPayload = -   newPayload = -   error
29.02.2024 10:27:44   [Update]   Key = Z   oldPayload = 0   newPayload = 1   success
29.02.2024 10:27:45   [Update]   Key = K   oldPayload = -   newPayload = -   error
29.02.2024 10:27:46   [Update]   Key = T   oldPayload = -   newPayload = -   error
29.02.2024 10:27:47   [Update]   Key = Y   oldPayload = -   newPayload = -   error
29.02.2024 10:27:48   [Update]   Key = 4   oldPayload = -   newPayload = -   error
29.02.2024 10:27:49   [Update]   Key = 2   oldPayload = -   newPayload = -   error
29.02.2024 10:27:50   [Update]   Key = 3   oldPayload = -   newPayload = -   error
29.02.2024 10:27:51   [Update]   Key = Z   oldPayload = -   newPayload = -   error
29.02.2024 10:27:52   [Update]   Key = P   oldPayload = -   newPayload = -   error
29.02.2024 10:27:53   [Update]   Key = E   oldPayload = 0   newPayload = 1   success
29.02.2024 10:27:54   [Update]   Key = @   oldPayload = -   newPayload = -   error
29.02.2024 10:27:55   [Update]   Key = B   oldPayload = -   newPayload = -   error
29.02.2024 10:27:56   [Update]   Key = ]   oldPayload = -   newPayload = -   error
29.02.2024 10:27:57   [Update]   Key = _   oldPayload = -   newPayload = -   error
29.02.2024 10:27:58   [Update]   Key = J   oldPayload = -   newPayload = -   error
29.02.2024 10:27:59   [Update]   Key = E   oldPayload = -   newPayload = -   error
29.02.2024 10:28:00   [Update]   Key = V   oldPayload = -   newPayload = -   error
29.02.2024 10:28:01   [Update]   Key = C   oldPayload = -   newPayload = -   error
29.02.2024 10:28:02   [Update]   Key = <   oldPayload = -   newPayload = -   error
29.02.2024 10:28:03   [Update]   Key = A   oldPayload = -   newPayload = -   error
29.02.2024 10:28:04   [Update]   Key = a   oldPayload = -   newPayload = -   error
29.02.2024 10:28:05   [Update]   Key = S   oldPayload = -   newPayload = -   error
29.02.2024 10:28:06   [Update]   Key = \   oldPayload = -   newPayload = -   error
29.02.2024 10:28:07   [Update]   Key = 3   oldPayload = 0   newPayload = 1   success
29.02.2024 10:28:08   [Update]   Key = ;   oldPayload = 0   newPayload = 1   success
29.02.2024 10:28:09   [Update]   Key = F   oldPayload = -   newPayload = -   error
29.02.2024 10:28:10   [Update]   Key = Q   oldPayload = -   newPayload = -   error
29.02.2024 10:28:11   [Update]   Key = G   oldPayload = -   newPayload = -   error
29.02.2024 10:28:12   [Update]   Key = >   oldPayload = -   newPayload = -   error
29.02.2024 10:28:13   [Update]   Key = Y   oldPayload = -   newPayload = -   error
29.02.2024 10:28:14   [Update]   Key = ;   oldPayload = -   newPayload = -   error
29.02.2024 10:28:15   [Update]   Key = 3   oldPayload = -   newPayload = -   error
29.02.2024 10:28:16   [Update]   Key = B   oldPayload = -   newPayload = -   error
29.02.2024 10:28:17   [Update]   Key = _   oldPayload = -   newPayload = -   error
29.02.2024 10:28:18   [Update]   Key = \   oldPayload = -   newPayload = -   error
29.02.2024 10:28:19   [Update]   Key = <   oldPayload = -   newPayload = -   error
29.02.2024 10:28:20   [Update]   Key = 7   oldPayload = -   newPayload = -   error
29.02.2024 10:28:21   [Update]   Key = U   oldPayload = -   newPayload = -   error
29.02.2024 10:28:22   [Update]   Key = 9   oldPayload = -   newPayload = -   error
29.02.2024 10:28:23   [Update]   Key = G   oldPayload = -   newPayload = -   error
29.02.2024 10:28:24   [Update]   Key = Y   oldPayload = -   newPayload = -   error
29.02.2024 10:28:25   [Update]   Key = M   oldPayload = -   newPayload = -   error
29.02.2024 10:28:26   [Update]   Key = L   oldPayload = -   newPayload = -   error
29.02.2024 10:28:27   [Update]   Key = @   oldPayload = -   newPayload = -   error
29.02.2024 10:28:28   [Update]   Key = S   oldPayload = -   newPayload = -   error
29.02.2024 10:28:29   [Update]   Key = X   oldPayload = -   newPayload = -   error
29.02.2024 10:28:30   [Update]   Key = Z   oldPayload = -   newPayload = -   error
29.02.2024 10:28:31   [Update]   Key = V   oldPayload = -   newPayload = -   error
29.02.2024 10:28:32   [Update]   Key = 6   oldPayload = -   newPayload = -   error
29.02.2024 10:28:33   [Update]   Key = X   oldPayload = 0   newPayload = 1   success
29.02.2024 10:28:34   [Update]   Key = Z   oldPayload = -   newPayload = -   error
29.02.2024 10:28:36   [Update]   Key = >   oldPayload = -   newPayload = -   error
29.02.2024 10:28:37   [Update]   Key = `   oldPayload = -   newPayload = -   error
29.02.2024 10:28:38   [Update]   Key = ^   oldPayload = -   newPayload = -   error
29.02.2024 10:28:39   [Update]   Key = 5   oldPayload = -   newPayload = -   error
29.02.2024 10:28:40   [Update]   Key = X   oldPayload = -   newPayload = -   error
29.02.2024 10:28:41   [Update]   Key = M   oldPayload = 0   newPayload = 1   success
29.02.2024 10:28:42   [Update]   Key = D   oldPayload = -   newPayload = -   error
29.02.2024 10:28:43   [Update]   Key = 0   oldPayload = -   newPayload = -   error
29.02.2024 10:28:44   [Update]   Key = 6   oldPayload = 0   newPayload = 1   success
29.02.2024 10:28:45   [Update]   Key = 1   oldPayload = -   newPayload = -   error
29.02.2024 10:28:46   [Update]   Key = [   oldPayload = -   newPayload = -   error
29.02.2024 10:28:47   [Update]   Key = `   oldPayload = -   newPayload = -   error
29.02.2024 10:28:48   [Update]   Key = M   oldPayload = -   newPayload = -   error
29.02.2024 10:28:49   [Update]   Key = G   oldPayload = -   newPayload = -   error
29.02.2024 10:28:50   [Update]   Key = R   oldPayload = -   newPayload = -   error
29.02.2024 10:28:51   [Update]   Key = 4   oldPayload = -   newPayload = -   error
29.02.2024 10:28:52   [Update]   Key = 6   oldPayload = -   newPayload = -   error
29.02.2024 10:28:53   [Update]   Key = X   oldPayload = -   newPayload = -   error
29.02.2024 10:28:54   [Update]   Key = @   oldPayload = -   newPayload = -   error
29.02.2024 10:28:55   [Update]   Key = J   oldPayload = 0   newPayload = 1   success
29.02.2024 10:28:56   [Update]   Key = O   oldPayload = -   newPayload = -   error
29.02.2024 10:28:57   [Update]   Key = 8   oldPayload = -   newPayload = -   error
29.02.2024 10:28:58   [Update]   Key = \   oldPayload = -   newPayload = -   error
29.02.2024 10:28:59   [Update]   Key = W   oldPayload = -   newPayload = -   error
29.02.2024 10:29:00   [Update]   Key = J   oldPayload = -   newPayload = -   error
29.02.2024 10:29:01   [Update]   Key = G   oldPayload = -   newPayload = -   error
29.02.2024 10:29:02   [Update]   Key = U   oldPayload = -   newPayload = -   error
29.02.2024 10:29:03   [Update]   Key = V   oldPayload = -   newPayload = -   error
29.02.2024 10:29:04   [Update]   Key = B   oldPayload = -   newPayload = -   error
29.02.2024 10:29:05   [Update]   Key = P   oldPayload = -   newPayload = -   error
29.02.2024 10:29:06   [Update]   Key = M   oldPayload = -   newPayload = -   error
29.02.2024 10:29:07   [Update]   Key = Y   oldPayload = -   newPayload = -   error
29.02.2024 10:29:08   [Update]   Key = Q   oldPayload = -   newPayload = -   error
29.02.2024 10:45:45   [Update]   Key = Y   oldPayload = 0   newPayload = 1   success
29.02.2024 10:45:46   [Update]   Key = A   oldPayload = -   newPayload = -   error
29.02.2024 10:45:47   [Update]   Key = R   oldPayload = -   newPayload = -   error
29.02.2024 10:45:48   [Update]   Key = 0   oldPayload = -   newPayload = -   error
29.02.2024 10:51:19   [Update]   Key = Y   oldPayload = 0   newPayload = 1   success
29.02.2024 10:51:20   [Update]   Key = A   oldPayload = -   newPayload = -   error
29.02.2024 10:51:21   [Update]   Key = R   oldPayload = -   newPayload = -   error
29.02.2024 10:51:22   [Update]   Key = 0   oldPayload = -   newPayload = -   error
29.02.2024 10:51:23   [Update]   Key = C   oldPayload = -   newPayload = -   error
29.02.2024 10:51:24   [Update]   Key = H   oldPayload = -   newPayload = -   error
29.02.2024 10:51:25   [Update]   Key = L   oldPayload = -   newPayload = -   error
29.02.2024 10:51:26   [Update]   Key = 8   oldPayload = -   newPayload = -   error
29.02.2024 10:51:27   [Update]   Key = <   oldPayload = -   newPayload = -   error
29.02.2024 10:51:28   [Update]   Key = >   oldPayload = -   newPayload = -   error
29.02.2024 10:51:29   [Update]   Key = 5   oldPayload = -   newPayload = -   error
29.02.2024 10:51:30   [Update]   Key = ]   oldPayload = 0   newPayload = 1   success
29.02.2024 10:51:31   [Update]   Key = O   oldPayload = -   newPayload = -   error
29.02.2024 10:51:32   [Update]   Key = K   oldPayload = -   newPayload = -   error
29.02.2024 10:51:33   [Update]   Key = ;   oldPayload = -   newPayload = -   error
29.02.2024 10:51:34   [Update]   Key = Y   oldPayload = -   newPayload = -   error
29.02.2024 10:51:35   [Update]   Key = ]   oldPayload = -   newPayload = -   error
29.02.2024 10:51:36   [Update]   Key = Z   oldPayload = -   newPayload = -   error
29.02.2024 10:51:37   [Update]   Key = K   oldPayload = -   newPayload = -   error
29.02.2024 10:51:38   [Update]   Key = T   oldPayload = -   newPayload = -   error
29.02.2024 10:51:39   [Update]   Key = Y   oldPayload = -   newPayload = -   error
29.02.2024 10:51:40   [Update]   Key = 4   oldPayload = -   newPayload = -   error
29.02.2024 10:51:41   [Update]   Key = 2   oldPayload = -   newPayload = -   error
29.02.2024 10:51:42   [Update]   Key = 3   oldPayload = 0   newPayload = 1   success
29.02.2024 10:51:43   [Update]   Key = Z   oldPayload = -   newPayload = -   error
29.02.2024 10:51:44   [Update]   Key = P   oldPayload = -   newPayload = -   error
29.02.2024 10:51:45   [Update]   Key = E   oldPayload = -   newPayload = -   error
29.02.2024 10:51:46   [Update]   Key = @   oldPayload = -   newPayload = -   error
29.02.2024 10:51:47   [Update]   Key = B   oldPayload = 0   newPayload = 1   success
29.02.2024 10:51:48   [Update]   Key = ]   oldPayload = -   newPayload = -   error
29.02.2024 10:51:49   [Update]   Key = _   oldPayload = 0   newPayload = 1   success
29.02.2024 10:51:50   [Update]   Key = J   oldPayload = -   newPayload = -   error
29.02.2024 10:51:51   [Update]   Key = E   oldPayload = -   newPayload = -   error
29.02.2024 10:51:52   [Update]   Key = V   oldPayload = -   newPayload = -   error
29.02.2024 10:51:53   [Update]   Key = C   oldPayload = -   newPayload = -   error
29.02.2024 10:51:54   [Update]   Key = <   oldPayload = 0   newPayload = 1   success
29.02.2024 10:51:55   [Update]   Key = A   oldPayload = -   newPayload = -   error
29.02.2024 10:51:56   [Update]   Key = a   oldPayload = -   newPayload = -   error
29.02.2024 10:51:57   [Update]   Key = S   oldPayload = -   newPayload = -   error
29.02.2024 10:51:58   [Update]   Key = \   oldPayload = -   newPayload = -   error
29.02.2024 10:51:59   [Update]   Key = 3   oldPayload = -   newPayload = -   error
29.02.2024 10:52:00   [Update]   Key = ;   oldPayload = -   newPayload = -   error
29.02.2024 10:52:01   [Update]   Key = F   oldPayload = -   newPayload = -   error
29.02.2024 10:52:02   [Update]   Key = Q   oldPayload = -   newPayload = -   error
29.02.2024 10:52:03   [Update]   Key = G   oldPayload = -   newPayload = -   error
29.02.2024 10:52:04   [Update]   Key = >   oldPayload = -   newPayload = -   error
29.02.2024 10:52:05   [Update]   Key = Y   oldPayload = -   newPayload = -   error
29.02.2024 10:52:06   [Update]   Key = ;   oldPayload = -   newPayload = -   error
29.02.2024 10:52:07   [Update]   Key = 3   oldPayload = -   newPayload = -   error
29.02.2024 10:52:08   [Update]   Key = B   oldPayload = -   newPayload = -   error
29.02.2024 10:52:09   [Update]   Key = _   oldPayload = -   newPayload = -   error
29.02.2024 10:52:10   [Update]   Key = \   oldPayload = -   newPayload = -   error
29.02.2024 10:52:11   [Update]   Key = <   oldPayload = -   newPayload = -   error
29.02.2024 10:52:12   [Update]   Key = 7   oldPayload = -   newPayload = -   error
29.02.2024 10:52:13   [Update]   Key = U   oldPayload = -   newPayload = -   error
29.02.2024 10:52:14   [Update]   Key = 9   oldPayload = -   newPayload = -   error
29.02.2024 10:52:15   [Update]   Key = G   oldPayload = -   newPayload = -   error
29.02.2024 10:52:16   [Update]   Key = Y   oldPayload = -   newPayload = -   error
29.02.2024 10:52:17   [Update]   Key = M   oldPayload = 0   newPayload = 1   success
29.02.2024 10:52:18   [Update]   Key = L   oldPayload = -   newPayload = -   error
29.02.2024 10:52:19   [Update]   Key = @   oldPayload = -   newPayload = -   error
29.02.2024 10:52:20   [Update]   Key = S   oldPayload = -   newPayload = -   error
29.02.2024 10:52:21   [Update]   Key = X   oldPayload = -   newPayload = -   error
29.02.2024 10:52:22   [Update]   Key = Z   oldPayload = -   newPayload = -   error
29.02.2024 10:52:23   [Update]   Key = V   oldPayload = -   newPayload = -   error
29.02.2024 10:52:24   [Update]   Key = 6   oldPayload = 0   newPayload = 1   success
29.02.2024 10:52:25   [Update]   Key = X   oldPayload = 0   newPayload = 1   success
29.02.2024 10:52:26   [Update]   Key = Z   oldPayload = -   newPayload = -   error
29.02.2024 10:52:27   [Update]   Key = >   oldPayload = -   newPayload = -   error
29.02.2024 10:52:28   [Update]   Key = `   oldPayload = -   newPayload = -   error
29.02.2024 10:52:29   [Update]   Key = ^   oldPayload = -   newPayload = -   error
29.02.2024 10:52:30   [Update]   Key = 5   oldPayload = -   newPayload = -   error
29.02.2024 10:52:31   [Update]   Key = X   oldPayload = -   newPayload = -   error
29.02.2024 10:52:32   [Update]   Key = M   oldPayload = -   newPayload = -   error
29.02.2024 10:52:33   [Update]   Key = D   oldPayload = -   newPayload = -   error
29.02.2024 10:52:34   [Update]   Key = 0   oldPayload = -   newPayload = -   error
29.02.2024 10:52:35   [Update]   Key = 6   oldPayload = -   newPayload = -   error
29.02.2024 10:52:36   [Update]   Key = 1   oldPayload = -   newPayload = -   error
29.02.2024 10:52:37   [Update]   Key = [   oldPayload = -   newPayload = -   error
29.02.2024 10:52:38   [Update]   Key = `   oldPayload = -   newPayload = -   error
29.02.2024 10:52:39   [Update]   Key = M   oldPayload = 0   newPayload = 1   success
29.02.2024 10:52:40   [Update]   Key = G   oldPayload = -   newPayload = -   error
29.02.2024 10:52:41   [Update]   Key = R   oldPayload = -   newPayload = -   error
29.02.2024 10:52:42   [Update]   Key = 4   oldPayload = 0   newPayload = 1   success
29.02.2024 10:52:43   [Update]   Key = 6   oldPayload = -   newPayload = -   error
29.02.2024 10:52:44   [Update]   Key = X   oldPayload = -   newPayload = -   error
29.02.2024 10:52:45   [Update]   Key = @   oldPayload = -   newPayload = -   error
29.02.2024 10:52:46   [Update]   Key = J   oldPayload = -   newPayload = -   error
29.02.2024 10:52:47   [Update]   Key = O   oldPayload = -   newPayload = -   error
29.02.2024 10:52:48   [Update]   Key = 8   oldPayload = -   newPayload = -   error
29.02.2024 10:52:49   [Update]   Key = \   oldPayload = -   newPayload = -   error
29.02.2024 10:52:50   [Update]   Key = W   oldPayload = -   newPayload = -   error
29.02.2024 10:52:51   [Update]   Key = J   oldPayload = -   newPayload = -   error
29.02.2024 10:52:52   [Update]   Key = G   oldPayload = 0   newPayload = 1   success
29.02.2024 10:52:53   [Update]   Key = U   oldPayload = -   newPayload = -   error
29.02.2024 10:52:54   [Update]   Key = V   oldPayload = -   newPayload = -   error
29.02.2024 10:52:55   [Update]   Key = B   oldPayload = -   newPayload = -   error
29.02.2024 10:52:56   [Update]   Key = P   oldPayload = -   newPayload = -   error
29.02.2024 10:52:57   [Update]   Key = M   oldPayload = 0   newPayload = 1   success
29.02.2024 10:52:58   [Update]   Key = Y   oldPayload = -   newPayload = -   error
29.02.2024 10:52:59   [Update]   Key = Q   oldPayload = -   newPayload = -   error
29.02.2024 10:53:00   [Update]   Key = ?   oldPayload = -   newPayload = -   error
29.02.2024 10:53:01   [Update]   Key = W   oldPayload = -   newPayload = -   error
29.02.2024 10:53:02   [Update]   Key = 8   oldPayload = -   newPayload = -   error
29.02.2024 10:53:03   [Update]   Key = 4   oldPayload = -   newPayload = -   error
29.02.2024 10:53:04   [Update]   Key = N   oldPayload = -   newPayload = -   error
29.02.2024 10:53:05   [Update]   Key = K   oldPayload = -   newPayload = -   error
29.02.2024 10:53:06   [Update]   Key = 6   oldPayload = -   newPayload = -   error
29.02.2024 10:53:07   [Update]   Key = G   oldPayload = -   newPayload = -   error
29.02.2024 10:53:08   [Update]   Key = T   oldPayload = -   newPayload = -   error
29.02.2024 10:53:09   [Update]   Key = E   oldPayload = -   newPayload = -   error
29.02.2024 10:53:10   [Update]   Key = ]   oldPayload = -   newPayload = -   error
29.02.2024 10:53:11   [Update]   Key = H   oldPayload = 0   newPayload = 1   success
29.02.2024 10:53:12   [Update]   Key = F   oldPayload = -   newPayload = -   error
29.02.2024 10:53:13   [Update]   Key = D   oldPayload = -   newPayload = -   error
29.02.2024 10:53:14   [Update]   Key = M   oldPayload = -   newPayload = -   error
29.02.2024 10:53:15   [Update]   Key = K   oldPayload = -   newPayload = -   error
29.02.2024 10:53:16   [Update]   Key = G   oldPayload = -   newPayload = -   error
29.02.2024 10:53:17   [Update]   Key = _   oldPayload = -   newPayload = -   error
29.02.2024 10:53:18   [Update]   Key = <   oldPayload = -   newPayload = -   error
29.02.2024 10:53:20   [Update]   Key = T   oldPayload = -   newPayload = -   error
29.02.2024 10:53:21   [Update]   Key = X   oldPayload = -   newPayload = -   error
29.02.2024 10:53:22   [Update]   Key = ;   oldPayload = -   newPayload = -   error
29.02.2024 10:53:23   [Update]   Key = T   oldPayload = -   newPayload = -   error
29.02.2024 10:53:24   [Update]   Key = 5   oldPayload = -   newPayload = -   error
29.02.2024 10:53:25   [Update]   Key = A   oldPayload = -   newPayload = -   error
29.02.2024 10:53:26   [Update]   Key = 5   oldPayload = -   newPayload = -   error
29.02.2024 10:53:27   [Update]   Key = H   oldPayload = -   newPayload = -   error
29.02.2024 10:53:28   [Update]   Key = O   oldPayload = -   newPayload = -   error
29.02.2024 10:53:29   [Update]   Key = 2   oldPayload = -   newPayload = -   error
29.02.2024 10:53:30   [Update]   Key = 0   oldPayload = -   newPayload = -   error
29.02.2024 10:53:31   [Update]   Key = 0   oldPayload = -   newPayload = -   error
29.02.2024 10:53:32   [Update]   Key = Y   oldPayload = -   newPayload = -   error
29.02.2024 10:53:33   [Update]   Key = H   oldPayload = -   newPayload = -   error
29.02.2024 10:53:34   [Update]   Key = @   oldPayload = -   newPayload = -   error
29.02.2024 10:53:35   [Update]   Key = N   oldPayload = 0   newPayload = 1   success
29.02.2024 10:53:36   [Update]   Key = 7   oldPayload = -   newPayload = -   error
29.02.2024 10:53:37   [Update]   Key = Y   oldPayload = 0   newPayload = 1   success
29.02.2024 10:53:38   [Update]   Key = 7   oldPayload = -   newPayload = -   error
29.02.2024 10:53:39   [Update]   Key = U   oldPayload = -   newPayload = -   error
29.02.2024 10:53:40   [Update]   Key = 7   oldPayload = -   newPayload = -   error
29.02.2024 10:53:41   [Update]   Key = U   oldPayload = 0   newPayload = 1   success
29.02.2024 10:53:42   [Update]   Key = 3   oldPayload = -   newPayload = -   error
29.02.2024 10:53:43   [Update]   Key = Q   oldPayload = 0   newPayload = 1   success
29.02.2024 10:53:44   [Update]   Key = ]   oldPayload = 0   newPayload = 1   success
29.02.2024 10:53:45   [Update]   Key = 9   oldPayload = 0   newPayload = 1   success
29.02.2024 10:53:46   [Update]   Key = 9   oldPayload = 1   newPayload = 2   success
29.02.2024 10:53:47   [Update]   Key = 8   oldPayload = -   newPayload = -   error
29.02.2024 10:53:48   [Update]   Key = E   oldPayload = -   newPayload = -   error
29.02.2024 10:53:49   [Update]   Key = V   oldPayload = -   newPayload = -   error
29.02.2024 10:53:50   [Update]   Key = F   oldPayload = -   newPayload = -   error
29.02.2024 10:53:51   [Update]   Key = ^   oldPayload = -   newPayload = -   error
29.02.2024 10:53:52   [Update]   Key = 6   oldPayload = -   newPayload = -   error
29.02.2024 10:53:53   [Update]   Key = N   oldPayload = -   newPayload = -   error
29.02.2024 10:53:54   [Update]   Key = =   oldPayload = -   newPayload = -   error
29.02.2024 10:53:55   [Update]   Key = B   oldPayload = -   newPayload = -   error
29.02.2024 10:53:56   [Update]   Key = 0   oldPayload = -   newPayload = -   error
29.02.2024 10:53:57   [Update]   Key = Y   oldPayload = -   newPayload = -   error
29.02.2024 10:53:58   [Update]   Key = <   oldPayload = -   newPayload = -   error
29.02.2024 10:53:59   [Update]   Key = 5   oldPayload = -   newPayload = -   error
29.02.2024 10:54:00   [Update]   Key = :   oldPayload = -   newPayload = -   error
29.02.2024 10:54:01   [Update]   Key = 9   oldPayload = -   newPayload = -   error
29.02.2024 10:54:02   [Update]   Key = H   oldPayload = -   newPayload = -   error
29.02.2024 10:54:03   [Update]   Key = U   oldPayload = -   newPayload = -   error
29.02.2024 10:54:04   [Update]   Key = `   oldPayload = -   newPayload = -   error
29.02.2024 10:54:05   [Update]   Key = Q   oldPayload = -   newPayload = -   error
29.02.2024 10:54:06   [Update]   Key = ]   oldPayload = -   newPayload = -   error
29.02.2024 10:54:07   [Update]   Key = Y   oldPayload = -   newPayload = -   error
29.02.2024 10:54:08   [Update]   Key = 2   oldPayload = -   newPayload = -   error
29.02.2024 10:54:09   [Update]   Key = 0   oldPayload = 0   newPayload = 1   success
29.02.2024 10:54:10   [Update]   Key = Y   oldPayload = -   newPayload = -   error
29.02.2024 10:54:11   [Update]   Key = T   oldPayload = -   newPayload = -   error
29.02.2024 10:54:12   [Update]   Key = H   oldPayload = -   newPayload = -   error
29.02.2024 10:54:13   [Update]   Key = D   oldPayload = -   newPayload = -   error
29.02.2024 10:54:14   [Update]   Key = ^   oldPayload = -   newPayload = -   error
29.02.2024 10:54:15   [Update]   Key = E   oldPayload = 0   newPayload = 1   success
29.02.2024 10:54:16   [Update]   Key = `   oldPayload = 0   newPayload = 1   success
29.02.2024 10:54:17   [Update]   Key = a   oldPayload = -   newPayload = -   error
29.02.2024 10:54:18   [Update]   Key = B   oldPayload = -   newPayload = -   error
29.02.2024 10:54:19   [Update]   Key = R   oldPayload = -   newPayload = -   error
29.02.2024 10:54:20   [Update]   Key = O   oldPayload = -   newPayload = -   error
29.02.2024 10:54:21   [Update]   Key = R   oldPayload = -   newPayload = -   error
29.02.2024 10:54:22   [Update]   Key = 3   oldPayload = -   newPayload = -   error
29.02.2024 10:54:23   [Update]   Key = a   oldPayload = 0   newPayload = 1   success
29.02.2024 10:54:24   [Update]   Key = B   oldPayload = -   newPayload = -   error
29.02.2024 10:54:25   [Update]   Key = V   oldPayload = -   newPayload = -   error
29.02.2024 10:54:26   [Update]   Key = 0   oldPayload = 0   newPayload = 1   success
29.02.2024 10:54:27   [Update]   Key = V   oldPayload = -   newPayload = -   error
29.02.2024 10:54:28   [Update]   Key = K   oldPayload = -   newPayload = -   error
29.02.2024 10:54:29   [Update]   Key = A   oldPayload = -   newPayload = -   error
29.02.2024 10:54:30   [Update]   Key = L   oldPayload = -   newPayload = -   error
29.02.2024 10:54:31   [Update]   Key = [   oldPayload = -   newPayload = -   error
29.02.2024 10:54:32   [Update]   Key = `   oldPayload = 0   newPayload = 1   success
29.02.2024 10:54:33   [Update]   Key = Q   oldPayload = -   newPayload = -   error
29.02.2024 10:54:34   [Update]   Key = 7   oldPayload = -   newPayload = -   error
29.02.2024 10:54:35   [Update]   Key = E   oldPayload = -   newPayload = -   error
29.02.2024 10:54:36   [Update]   Key = :   oldPayload = -   newPayload = -   error
29.02.2024 10:54:37   [Update]   Key = A   oldPayload = -   newPayload = -   error
29.02.2024 10:54:38   [Update]   Key = =   oldPayload = -   newPayload = -   error
29.02.2024 10:54:39   [Update]   Key = >   oldPayload = -   newPayload = -   error
29.02.2024 10:54:40   [Update]   Key = 9   oldPayload = -   newPayload = -   error
29.02.2024 10:54:41   [Update]   Key = @   oldPayload = -   newPayload = -   error
29.02.2024 10:54:42   [Update]   Key = S   oldPayload = 0   newPayload = 1   success
29.02.2024 10:54:43   [Update]   Key = 1   oldPayload = -   newPayload = -   error
29.02.2024 10:54:44   [Update]   Key = 0   oldPayload = 0   newPayload = 1   success
29.02.2024 10:54:45   [Update]   Key = a   oldPayload = -   newPayload = -   error
29.02.2024 10:54:46   [Update]   Key = C   oldPayload = -   newPayload = -   error
29.02.2024 10:54:47   [Update]   Key = 6   oldPayload = -   newPayload = -   error
29.02.2024 10:54:48   [Update]   Key = `   oldPayload = 0   newPayload = 1   success
29.02.2024 10:54:49   [Update]   Key = 3   oldPayload = -   newPayload = -   error
29.02.2024 10:54:50   [Update]   Key = H   oldPayload = -   newPayload = -   error
29.02.2024 10:54:51   [Update]   Key = 8   oldPayload = 0   newPayload = 1   success
29.02.2024 10:54:52   [Update]   Key = \   oldPayload = -   newPayload = -   error
29.02.2024 10:54:53   [Update]   Key = 9   oldPayload = 0   newPayload = 1   success
29.02.2024 10:54:54   [Update]   Key = W   oldPayload = 0   newPayload = 1   success
29.02.2024 10:54:55   [Update]   Key = 2   oldPayload = -   newPayload = -   error
29.02.2024 10:54:56   [Update]   Key = ]   oldPayload = -   newPayload = -   error
29.02.2024 10:54:57   [Update]   Key = S   oldPayload = -   newPayload = -   error
29.02.2024 10:54:58   [Update]   Key = [   oldPayload = -   newPayload = -   error
29.02.2024 10:54:59   [Update]   Key = [   oldPayload = -   newPayload = -   error
29.02.2024 10:55:00   [Update]   Key = G   oldPayload = -   newPayload = -   error
29.02.2024 10:55:01   [Update]   Key = U   oldPayload = -   newPayload = -   error
29.02.2024 10:55:02   [Update]   Key = >   oldPayload = -   newPayload = -   error
29.02.2024 10:55:03   [Update]   Key = 3   oldPayload = -   newPayload = -   error
29.02.2024 10:55:04   [Update]   Key = `   oldPayload = -   newPayload = -   error
29.02.2024 10:55:05   [Update]   Key = 0   oldPayload = -   newPayload = -   error
29.02.2024 10:55:06   [Update]   Key = 8   oldPayload = 0   newPayload = 1   success
29.02.2024 10:55:07   [Update]   Key = B   oldPayload = -   newPayload = -   error
29.02.2024 10:55:08   [Update]   Key = N   oldPayload = -   newPayload = -   error
29.02.2024 10:55:09   [Update]   Key = ^   oldPayload = -   newPayload = -   error
29.02.2024 10:55:10   [Update]   Key = `   oldPayload = -   newPayload = -   error
29.02.2024 10:55:11   [Update]   Key = O   oldPayload = -   newPayload = -   error
29.02.2024 10:55:12   [Update]   Key = W   oldPayload = -   newPayload = -   error
29.02.2024 10:55:13   [Update]   Key = `   oldPayload = -   newPayload = -   error
29.02.2024 10:55:14   [Update]   Key = 9   oldPayload = -   newPayload = -   error
29.02.2024 10:55:15   [Update]   Key = 7   oldPayload = -   newPayload = -   error
29.02.2024 10:55:16   [Update]   Key = F   oldPayload = 0   newPayload = 1   success
29.02.2024 10:55:17   [Update]   Key = F   oldPayload = 1   newPayload = 2   success
29.02.2024 10:55:18   [Update]   Key = V   oldPayload = -   newPayload = -   error
29.02.2024 10:55:19   [Update]   Key = Z   oldPayload = 0   newPayload = 1   success
29.02.2024 10:55:20   [Update]   Key = V   oldPayload = -   newPayload = -   error
29.02.2024 10:55:21   [Update]   Key = M   oldPayload = -   newPayload = -   error
29.02.2024 10:55:22   [Update]   Key = X   oldPayload = -   newPayload = -   error
29.02.2024 10:55:23   [Update]   Key = 7   oldPayload = -   newPayload = -   error
29.02.2024 10:55:24   [Update]   Key = 8   oldPayload = -   newPayload = -   error
29.02.2024 10:55:25   [Update]   Key = Y   oldPayload = -   newPayload = -   error
29.02.2024 10:55:26   [Update]   Key = ?   oldPayload = -   newPayload = -   error
29.02.2024 10:55:27   [Update]   Key = V   oldPayload = -   newPayload = -   error
29.02.2024 10:55:28   [Update]   Key = 6   oldPayload = -   newPayload = -   error
29.02.2024 10:55:29   [Update]   Key = ;   oldPayload = -   newPayload = -   error
29.02.2024 10:55:30   [Update]   Key = 2   oldPayload = -   newPayload = -   error
29.02.2024 10:55:31   [Update]   Key = R   oldPayload = -   newPayload = -   error
29.02.2024 10:55:32   [Update]   Key = F   oldPayload = -   newPayload = -   error
29.02.2024 10:55:33   [Update]   Key = 5   oldPayload = -   newPayload = -   error
29.02.2024 10:55:34   [Update]   Key = L   oldPayload = -   newPayload = -   error
29.02.2024 10:55:35   [Update]   Key = ^   oldPayload = -   newPayload = -   error
29.02.2024 10:55:36   [Update]   Key = <   oldPayload = 0   newPayload = 1   success
29.02.2024 10:55:37   [Update]   Key = T   oldPayload = -   newPayload = -   error
29.02.2024 10:55:38   [Update]   Key = I   oldPayload = 0   newPayload = 1   success
29.02.2024 10:55:39   [Update]   Key = Q   oldPayload = -   newPayload = -   error
29.02.2024 10:55:40   [Update]   Key = C   oldPayload = 0   newPayload = 1   success
29.02.2024 10:55:41   [Update]   Key = Z   oldPayload = -   newPayload = -   error
29.02.2024 10:55:42   [Update]   Key = \   oldPayload = -   newPayload = -   error
29.02.2024 10:55:43   [Update]   Key = @   oldPayload = -   newPayload = -   error
29.02.2024 10:55:44   [Update]   Key = O   oldPayload = -   newPayload = -   error
29.02.2024 10:55:45   [Update]   Key = `   oldPayload = -   newPayload = -   error
29.02.2024 10:55:46   [Update]   Key = F   oldPayload = -   newPayload = -   error
29.02.2024 10:55:47   [Update]   Key = 1   oldPayload = 0   newPayload = 1   success
29.02.2024 10:55:48   [Update]   Key = E   oldPayload = -   newPayload = -   error
29.02.2024 10:55:49   [Update]   Key = a   oldPayload = -   newPayload = -   error
29.02.2024 10:55:50   [Update]   Key = 7   oldPayload = -   newPayload = -   error
29.02.2024 10:55:51   [Update]   Key = J   oldPayload = 0   newPayload = 1   success
29.02.2024 10:55:52   [Update]   Key = Z   oldPayload = -   newPayload = -   error
29.02.2024 10:55:53   [Update]   Key = W   oldPayload = -   newPayload = -   error
29.02.2024 10:55:54   [Update]   Key = I   oldPayload = -   newPayload = -   error
29.02.2024 10:55:56   [Update]   Key = <   oldPayload = -   newPayload = -   error
29.02.2024 10:55:57   [Update]   Key = 0   oldPayload = -   newPayload = -   error
29.02.2024 10:55:58   [Update]   Key = :   oldPayload = -   newPayload = -   error
29.02.2024 10:55:59   [Update]   Key = 3   oldPayload = -   newPayload = -   error
29.02.2024 10:56:00   [Update]   Key = C   oldPayload = 0   newPayload = 1   success
29.02.2024 10:56:01   [Update]   Key = ;   oldPayload = -   newPayload = -   error
29.02.2024 10:56:02   [Update]   Key = V   oldPayload = -   newPayload = -   error
29.02.2024 10:56:03   [Update]   Key = 1   oldPayload = -   newPayload = -   error
29.02.2024 10:56:04   [Update]   Key = W   oldPayload = 0   newPayload = 1   success
29.02.2024 10:56:05   [Update]   Key = 5   oldPayload = 0   newPayload = 1   success
29.02.2024 10:56:06   [Update]   Key = G   oldPayload = -   newPayload = -   error
29.02.2024 10:56:07   [Update]   Key = 2   oldPayload = -   newPayload = -   error
29.02.2024 10:56:08   [Update]   Key = S   oldPayload = -   newPayload = -   error
29.02.2024 10:56:09   [Update]   Key = P   oldPayload = -   newPayload = -   error
29.02.2024 10:56:10   [Update]   Key = S   oldPayload = -   newPayload = -   error
29.02.2024 10:56:11   [Update]   Key = V   oldPayload = -   newPayload = -   error
29.02.2024 10:56:12   [Update]   Key = J   oldPayload = -   newPayload = -   error
29.02.2024 10:56:13   [Update]   Key = A   oldPayload = -   newPayload = -   error
29.02.2024 10:56:14   [Update]   Key = 7   oldPayload = -   newPayload = -   error
29.02.2024 10:56:15   [Update]   Key = P   oldPayload = -   newPayload = -   error
29.02.2024 10:56:16   [Update]   Key = P   oldPayload = -   newPayload = -   error
29.02.2024 10:56:17   [Update]   Key = C   oldPayload = -   newPayload = -   error
29.02.2024 10:56:18   [Update]   Key = 4   oldPayload = -   newPayload = -   error
29.02.2024 10:56:19   [Update]   Key = E   oldPayload = -   newPayload = -   error
29.02.2024 10:56:20   [Update]   Key = W   oldPayload = 0   newPayload = 1   success
29.02.2024 10:56:21   [Update]   Key = J   oldPayload = -   newPayload = -   error
29.02.2024 10:56:22   [Update]   Key = M   oldPayload = 0   newPayload = 1   success
29.02.2024 10:56:23   [Update]   Key = B   oldPayload = -   newPayload = -   error
29.02.2024 10:56:24   [Update]   Key = Z   oldPayload = -   newPayload = -   error
29.02.2024 10:56:25   [Update]   Key = I   oldPayload = -   newPayload = -   error
29.02.2024 10:56:26   [Update]   Key = 5   oldPayload = -   newPayload = -   error
29.02.2024 10:56:27   [Update]   Key = R   oldPayload = -   newPayload = -   error
29.02.2024 10:56:28   [Update]   Key = a   oldPayload = 0   newPayload = 1   success
29.02.2024 10:56:29   [Update]   Key = Y   oldPayload = -   newPayload = -   error
29.02.2024 10:56:30   [Update]   Key = <   oldPayload = -   newPayload = -   error
29.02.2024 10:56:31   [Update]   Key = ]   oldPayload = 0   newPayload = 1   success
29.02.2024 10:56:32   [Update]   Key = :   oldPayload = -   newPayload = -   error
29.02.2024 10:56:33   [Update]   Key = B   oldPayload = -   newPayload = -   error
29.02.2024 10:56:34   [Update]   Key = 3   oldPayload = -   newPayload = -   error
29.02.2024 10:56:35   [Update]   Key = W   oldPayload = -   newPayload = -   error
29.02.2024 10:56:36   [Update]   Key = G   oldPayload = -   newPayload = -   error
29.02.2024 10:56:37   [Update]   Key = M   oldPayload = -   newPayload = -   error
29.02.2024 10:56:38   [Update]   Key = ^   oldPayload = -   newPayload = -   error
29.02.2024 10:56:39   [Update]   Key = U   oldPayload = -   newPayload = -   error
29.02.2024 10:56:40   [Update]   Key = M   oldPayload = -   newPayload = -   error
29.02.2024 10:56:41   [Update]   Key = a   oldPayload = -   newPayload = -   error
29.02.2024 10:56:42   [Update]   Key = U   oldPayload = -   newPayload = -   error
29.02.2024 10:56:43   [Update]   Key = @   oldPayload = -   newPayload = -   error
29.02.2024 10:56:44   [Update]   Key = a   oldPayload = -   newPayload = -   error
29.02.2024 10:56:45   [Update]   Key = [   oldPayload = -   newPayload = -   error
29.02.2024 10:56:46   [Update]   Key = ]   oldPayload = 0   newPayload = 1   success
29.02.2024 10:56:47   [Update]   Key = _   oldPayload = -   newPayload = -   error
29.02.2024 10:56:48   [Update]   Key = @   oldPayload = -   newPayload = -   error
29.02.2024 10:56:49   [Update]   Key = T   oldPayload = -   newPayload = -   error
29.02.2024 10:56:50   [Update]   Key = 5   oldPayload = -   newPayload = -   error
29.02.2024 10:56:51   [Update]   Key = V   oldPayload = -   newPayload = -   error
29.02.2024 10:56:52   [Update]   Key = P   oldPayload = 0   newPayload = 1   success
29.02.2024 10:56:53   [Update]   Key = 5   oldPayload = -   newPayload = -   error
29.02.2024 10:56:54   [Update]   Key = R   oldPayload = -   newPayload = -   error
29.02.2024 10:56:55   [Update]   Key = >   oldPayload = -   newPayload = -   error
29.02.2024 10:56:56   [Update]   Key = 1   oldPayload = -   newPayload = -   error
29.02.2024 10:56:57   [Update]   Key = @   oldPayload = -   newPayload = -   error
29.02.2024 10:56:58   [Update]   Key = E   oldPayload = -   newPayload = -   error
29.02.2024 10:56:59   [Update]   Key = T   oldPayload = -   newPayload = -   error
29.02.2024 10:57:00   [Update]   Key = =   oldPayload = -   newPayload = -   error
29.02.2024 10:57:01   [Update]   Key = =   oldPayload = -   newPayload = -   error
29.02.2024 10:57:02   [Update]   Key = 5   oldPayload = -   newPayload = -   error
29.02.2024 10:57:03   [Update]   Key = S   oldPayload = 0   newPayload = 1   success
29.02.2024 10:57:04   [Update]   Key = 3   oldPayload = -   newPayload = -   error
29.02.2024 10:57:05   [Update]   Key = <   oldPayload = -   newPayload = -   error
29.02.2024 10:57:06   [Update]   Key = 8   oldPayload = -   newPayload = -   error
29.02.2024 10:57:07   [Update]   Key = P   oldPayload = -   newPayload = -   error
29.02.2024 10:57:08   [Update]   Key = ]   oldPayload = -   newPayload = -   error
29.02.2024 10:57:09   [Update]   Key = =   oldPayload = -   newPayload = -   error
29.02.2024 10:57:10   [Update]   Key = 6   oldPayload = -   newPayload = -   error
29.02.2024 10:57:11   [Update]   Key = E   oldPayload = -   newPayload = -   error
29.02.2024 10:57:12   [Update]   Key = 8   oldPayload = -   newPayload = -   error
29.02.2024 10:57:13   [Update]   Key = ^   oldPayload = -   newPayload = -   error
29.02.2024 10:57:14   [Update]   Key = P   oldPayload = -   newPayload = -   error
29.02.2024 10:57:15   [Update]   Key = O   oldPayload = -   newPayload = -   error
29.02.2024 10:57:16   [Update]   Key = \   oldPayload = -   newPayload = -   error
29.02.2024 10:57:17   [Update]   Key = ^   oldPayload = -   newPayload = -   error
29.02.2024 10:57:18   [Update]   Key = F   oldPayload = 0   newPayload = 1   success
29.02.2024 10:57:19   [Update]   Key = M   oldPayload = -   newPayload = -   error
29.02.2024 10:57:20   [Update]   Key = ;   oldPayload = -   newPayload = -   error
29.02.2024 10:57:21   [Update]   Key = S   oldPayload = -   newPayload = -   error
29.02.2024 10:57:22   [Update]   Key = 0   oldPayload = -   newPayload = -   error
29.02.2024 10:57:23   [Update]   Key = G   oldPayload = -   newPayload = -   error
29.02.2024 10:57:24   [Update]   Key = @   oldPayload = -   newPayload = -   error
29.02.2024 10:57:25   [Update]   Key = \   oldPayload = -   newPayload = -   error
29.02.2024 10:57:26   [Update]   Key = 9   oldPayload = -   newPayload = -   error
29.02.2024 10:57:27   [Update]   Key = Z   oldPayload = -   newPayload = -   error
29.02.2024 10:57:28   [Update]   Key = W   oldPayload = -   newPayload = -   error
29.02.2024 10:57:29   [Update]   Key = 3   oldPayload = -   newPayload = -   error
29.02.2024 10:57:30   [Update]   Key = H   oldPayload = 0   newPayload = 1   success
29.02.2024 10:57:31   [Update]   Key = 4   oldPayload = -   newPayload = -   error
29.02.2024 10:57:32   [Update]   Key = :   oldPayload = -   newPayload = -   error
29.02.2024 10:57:33   [Update]   Key = ]   oldPayload = -   newPayload = -   error
29.02.2024 10:57:34   [Update]   Key = a   oldPayload = -   newPayload = -   error
29.02.2024 10:57:35   [Update]   Key = T   oldPayload = -   newPayload = -   error
29.02.2024 10:57:36   [Update]   Key = =   oldPayload = -   newPayload = -   error
29.02.2024 10:57:37   [Update]   Key = H   oldPayload = 0   newPayload = 1   success
29.02.2024 10:57:38   [Update]   Key = F   oldPayload = 0   newPayload = 1   success
29.02.2024 10:57:39   [Update]   Key = B   oldPayload = 0   newPayload = 1   success
29.02.2024 10:57:40   [Update]   Key = B   oldPayload = 1   newPayload = 2   success
29.02.2024 10:57:41   [Update]   Key = U   oldPayload = 0   newPayload = 1   success
29.02.2024 10:57:42   [Update]   Key = 5   oldPayload = -   newPayload = -   error
29.02.2024 10:57:43   [Update]   Key = 8   oldPayload = -   newPayload = -   error
29.02.2024 10:57:44   [Update]   Key = Y   oldPayload = -   newPayload = -   error
29.02.2024 10:57:45   [Update]   Key = 2   oldPayload = 0   newPayload = 1   success
29.02.2024 10:57:46   [Update]   Key = I   oldPayload = -   newPayload = -   error
29.02.2024 10:57:47   [Update]   Key = K   oldPayload = -   newPayload = -   error
29.02.2024 10:57:48   [Update]   Key = >   oldPayload = -   newPayload = -   error
29.02.2024 10:57:49   [Update]   Key = >   oldPayload = -   newPayload = -   error
29.02.2024 10:57:50   [Update]   Key = H   oldPayload = -   newPayload = -   error
29.02.2024 10:57:51   [Update]   Key = R   oldPayload = -   newPayload = -   error
29.02.2024 10:57:52   [Update]   Key = H   oldPayload = -   newPayload = -   error
29.02.2024 10:57:53   [Update]   Key = F   oldPayload = -   newPayload = -   error
29.02.2024 10:57:54   [Update]   Key = 9   oldPayload = -   newPayload = -   error
29.02.2024 10:57:55   [Update]   Key = Q   oldPayload = -   newPayload = -   error
29.02.2024 10:57:56   [Update]   Key = D   oldPayload = -   newPayload = -   error
29.02.2024 10:57:57   [Update]   Key = U   oldPayload = -   newPayload = -   error
29.02.2024 10:57:58   [Update]   Key = _   oldPayload = -   newPayload = -   error
29.02.2024 10:57:59   [Update]   Key = B   oldPayload = -   newPayload = -   error
29.02.2024 10:58:00   [Update]   Key = K   oldPayload = -   newPayload = -   error
29.02.2024 10:58:01   [Update]   Key = G   oldPayload = 0   newPayload = 1   success
29.02.2024 10:58:02   [Update]   Key = D   oldPayload = -   newPayload = -   error
29.02.2024 10:58:03   [Update]   Key = =   oldPayload = -   newPayload = -   error
29.02.2024 10:58:04   [Update]   Key = B   oldPayload = -   newPayload = -   error
29.02.2024 10:58:05   [Update]   Key = Z   oldPayload = 0   newPayload = 1   success
29.02.2024 10:58:06   [Update]   Key = S   oldPayload = -   newPayload = -   error
29.02.2024 10:58:07   [Update]   Key = 2   oldPayload = -   newPayload = -   error
29.02.2024 10:58:08   [Update]   Key = N   oldPayload = -   newPayload = -   error
29.02.2024 10:58:09   [Update]   Key = =   oldPayload = -   newPayload = -   error
29.02.2024 10:58:10   [Update]   Key = K   oldPayload = -   newPayload = -   error
29.02.2024 10:58:11   [Update]   Key = 2   oldPayload = -   newPayload = -   error
29.02.2024 10:58:12   [Update]   Key = a   oldPayload = -   newPayload = -   error
29.02.2024 10:58:13   [Update]   Key = K   oldPayload = -   newPayload = -   error
29.02.2024 10:58:14   [Update]   Key = I   oldPayload = -   newPayload = -   error
29.02.2024 10:58:15   [Update]   Key = [   oldPayload = -   newPayload = -   error
29.02.2024 10:58:16   [Update]   Key = H   oldPayload = 0   newPayload = 1   success
29.02.2024 10:58:17   [Update]   Key = G   oldPayload = -   newPayload = -   error
29.02.2024 10:58:18   [Update]   Key = F   oldPayload = -   newPayload = -   error
29.02.2024 10:58:19   [Update]   Key = ;   oldPayload = 0   newPayload = 1   success
29.02.2024 10:58:20   [Update]   Key = O   oldPayload = -   newPayload = -   error
29.02.2024 10:58:21   [Update]   Key = 3   oldPayload = -   newPayload = -   error
29.02.2024 10:58:22   [Update]   Key = P   oldPayload = -   newPayload = -   error
29.02.2024 10:58:23   [Update]   Key = 5   oldPayload = -   newPayload = -   error
29.02.2024 10:58:24   [Update]   Key = [   oldPayload = -   newPayload = -   error
29.02.2024 10:58:25   [Update]   Key = I   oldPayload = -   newPayload = -   error
29.02.2024 10:58:26   [Update]   Key = O   oldPayload = -   newPayload = -   error
29.02.2024 10:58:27   [Update]   Key = Z   oldPayload = -   newPayload = -   error
29.02.2024 10:58:28   [Update]   Key = Z   oldPayload = -   newPayload = -   error
29.02.2024 10:58:29   [Update]   Key = F   oldPayload = -   newPayload = -   error
29.02.2024 10:58:30   [Update]   Key = T   oldPayload = -   newPayload = -   error
29.02.2024 10:58:31   [Update]   Key = >   oldPayload = -   newPayload = -   error
29.02.2024 10:58:32   [Update]   Key = 0   oldPayload = -   newPayload = -   error
29.02.2024 10:58:33   [Update]   Key = U   oldPayload = -   newPayload = -   error
29.02.2024 10:58:34   [Update]   Key = :   oldPayload = -   newPayload = -   error
29.02.2024 10:58:35   [Update]   Key = =   oldPayload = -   newPayload = -   error
29.02.2024 10:58:36   [Update]   Key = H   oldPayload = -   newPayload = -   error
29.02.2024 10:58:37   [Update]   Key = D   oldPayload = -   newPayload = -   error
29.02.2024 10:58:38   [Update]   Key = D   oldPayload = -   newPayload = -   error
29.02.2024 10:58:39   [Update]   Key = S   oldPayload = -   newPayload = -   error
29.02.2024 10:58:40   [Update]   Key = Q   oldPayload = -   newPayload = -   error
29.02.2024 10:58:41   [Update]   Key = ;   oldPayload = -   newPayload = -   error
29.02.2024 10:58:42   [Update]   Key = :   oldPayload = -   newPayload = -   error
29.02.2024 10:58:43   [Update]   Key = ^   oldPayload = -   newPayload = -   error
29.02.2024 10:58:44   [Update]   Key = A   oldPayload = -   newPayload = -   error
29.02.2024 10:58:45   [Update]   Key = S   oldPayload = -   newPayload = -   error
29.02.2024 10:58:46   [Update]   Key = 0   oldPayload = 0   newPayload = 1   success
29.02.2024 10:58:47   [Update]   Key = X   oldPayload = -   newPayload = -   error
29.02.2024 10:58:48   [Update]   Key = \   oldPayload = -   newPayload = -   error
29.02.2024 10:58:49   [Update]   Key = ]   oldPayload = -   newPayload = -   error
29.02.2024 10:58:50   [Update]   Key = H   oldPayload = -   newPayload = -   error
29.02.2024 10:58:51   [Update]   Key = C   oldPayload = -   newPayload = -   error
29.02.2024 10:58:52   [Update]   Key = I   oldPayload = -   newPayload = -   error
29.02.2024 10:58:53   [Update]   Key = J   oldPayload = 0   newPayload = 1   success
29.02.2024 10:58:54   [Update]   Key = \   oldPayload = -   newPayload = -   error
29.02.2024 10:58:55   [Update]   Key = 8   oldPayload = -   newPayload = -   error
29.02.2024 10:58:56   [Update]   Key = 2   oldPayload = -   newPayload = -   error
29.02.2024 10:58:57   [Update]   Key = E   oldPayload = -   newPayload = -   error
29.02.2024 10:58:58   [Update]   Key = @   oldPayload = -   newPayload = -   error
29.02.2024 10:58:59   [Update]   Key = L   oldPayload = -   newPayload = -   error
29.02.2024 10:59:00   [Update]   Key = [   oldPayload = 0   newPayload = 1   success
29.02.2024 10:59:01   [Update]   Key = 1   oldPayload = -   newPayload = -   error
29.02.2024 10:59:02   [Update]   Key = R   oldPayload = -   newPayload = -   error
29.02.2024 10:59:03   [Update]   Key = B   oldPayload = -   newPayload = -   error
29.02.2024 10:59:04   [Update]   Key = >   oldPayload = 0   newPayload = 1   success
29.02.2024 10:59:05   [Update]   Key = C   oldPayload = -   newPayload = -   error
29.02.2024 10:59:06   [Update]   Key = 2   oldPayload = -   newPayload = -   error
29.02.2024 10:59:07   [Update]   Key = 0   oldPayload = -   newPayload = -   error
29.02.2024 10:59:08   [Update]   Key = U   oldPayload = 0   newPayload = 1   success
29.02.2024 10:59:09   [Update]   Key = :   oldPayload = -   newPayload = -   error
29.02.2024 10:59:10   [Update]   Key = J   oldPayload = -   newPayload = -   error
29.02.2024 10:59:11   [Update]   Key = :   oldPayload = -   newPayload = -   error
29.02.2024 10:59:12   [Update]   Key = 7   oldPayload = -   newPayload = -   error
29.02.2024 10:59:13   [Update]   Key = D   oldPayload = 0   newPayload = 1   success
29.02.2024 10:59:14   [Update]   Key = ?   oldPayload = -   newPayload = -   error
29.02.2024 10:59:15   [Update]   Key = J   oldPayload = -   newPayload = -   error
29.02.2024 10:59:16   [Update]   Key = K   oldPayload = -   newPayload = -   error
29.02.2024 11:05:09   [Update]   Key = [   oldPayload = -   newPayload = -   error
29.02.2024 11:05:10   [Update]   Key = 8   oldPayload = -   newPayload = -   error
29.02.2024 11:05:11   [Update]   Key = >   oldPayload = 0   newPayload = 1   success
29.02.2024 11:05:12   [Update]   Key = 9   oldPayload = -   newPayload = -   error
29.02.2024 11:05:13   [Update]   Key = P   oldPayload = -   newPayload = -   error
29.02.2024 11:05:14   [Update]   Key = T   oldPayload = -   newPayload = -   error
29.02.2024 11:05:15   [Update]   Key = ?   oldPayload = -   newPayload = -   error
29.02.2024 11:05:16   [Update]   Key = U   oldPayload = -   newPayload = -   error
29.02.2024 11:05:17   [Update]   Key = K   oldPayload = -   newPayload = -   error
