d:\6sem\sp\labs\os14_htcomusergroup\os13_htcom\x64\debug\os14_htcom.pch
d:\6sem\sp\labs\os14_htcomusergroup\os13_htcom\x64\debug\vc143.pdb
d:\6sem\sp\labs\os14_htcomusergroup\os13_htcom\x64\debug\vc143.idb
d:\6sem\sp\labs\os14_htcomusergroup\os13_htcom\x64\debug\pch.obj
d:\6sem\sp\labs\os14_htcomusergroup\os13_htcom\x64\debug\registry.obj
d:\6sem\sp\labs\os14_htcomusergroup\os13_htcom\x64\debug\hthandle.obj
d:\6sem\sp\labs\os14_htcomusergroup\os13_htcom\x64\debug\htfactory.obj
d:\6sem\sp\labs\os14_htcomusergroup\os13_htcom\x64\debug\ht.obj
d:\6sem\sp\labs\os14_htcomusergroup\os13_htcom\x64\debug\dllmain.obj
d:\6sem\sp\labs\os14_htcomusergroup\os13_htcom\x64\debug\os14_htcom.ilk
d:\6sem\sp\labs\os14_htcomusergroup\x64\debug\os14_htcom.dll
d:\6sem\sp\labs\os14_htcomusergroup\x64\debug\os14_htcom.pdb
d:\6sem\sp\labs\os14_htcomusergroup\x64\debug\os14_htcom.lib
d:\6sem\sp\labs\os14_htcomusergroup\x64\debug\os14_htcom.exp
d:\6sem\sp\labs\os14_htcomusergroup\os13_htcom\x64\debug\os14_htcom.tlog\cl.command.1.tlog
d:\6sem\sp\labs\os14_htcomusergroup\os13_htcom\x64\debug\os14_htcom.tlog\cl.read.1.tlog
d:\6sem\sp\labs\os14_htcomusergroup\os13_htcom\x64\debug\os14_htcom.tlog\cl.write.1.tlog
d:\6sem\sp\labs\os14_htcomusergroup\os13_htcom\x64\debug\os14_htcom.tlog\link.command.1.tlog
d:\6sem\sp\labs\os14_htcomusergroup\os13_htcom\x64\debug\os14_htcom.tlog\link.read.1.tlog
d:\6sem\sp\labs\os14_htcomusergroup\os13_htcom\x64\debug\os14_htcom.tlog\link.write.1.tlog
d:\6sem\sp\labs\os14_htcomusergroup\os13_htcom\x64\debug\os14_htcom.tlog\link.write.2u.tlog
