d:\course3\сп\com\sp02_com\sp02_com\x64\debug\sp02_com.pch
d:\course3\сп\com\sp02_com\sp02_com\x64\debug\vc143.pdb
d:\course3\сп\com\sp02_com\sp02_com\x64\debug\vc143.idb
d:\course3\сп\com\sp02_com\sp02_com\x64\debug\pch.obj
d:\course3\сп\com\sp02_com\sp02_com\x64\debug\sp02.obj
d:\course3\сп\com\sp02_com\sp02_com\x64\debug\reristry.obj
d:\course3\сп\com\sp02_com\sp02_com\x64\debug\mathfactory.obj
d:\course3\сп\com\sp02_com\sp02_com\x64\debug\dllmain.obj
d:\course3\сп\com\sp02_com\sp02_com\x64\debug\sp02_com.ilk
d:\course3\сп\com\sp02_com\x64\debug\sp02_com.dll
d:\course3\сп\com\sp02_com\x64\debug\sp02_com.pdb
d:\course3\сп\com\sp02_com\x64\debug\sp02_com.lib
d:\course3\сп\com\sp02_com\x64\debug\sp02_com.exp
d:\course3\сп\com\sp02_com\sp02_com\x64\debug\sp02_com.tlog\cl.command.1.tlog
d:\course3\сп\com\sp02_com\sp02_com\x64\debug\sp02_com.tlog\cl.items.tlog
d:\course3\сп\com\sp02_com\sp02_com\x64\debug\sp02_com.tlog\cl.read.1.tlog
d:\course3\сп\com\sp02_com\sp02_com\x64\debug\sp02_com.tlog\cl.write.1.tlog
d:\course3\сп\com\sp02_com\sp02_com\x64\debug\sp02_com.tlog\link.command.1.tlog
d:\course3\сп\com\sp02_com\sp02_com\x64\debug\sp02_com.tlog\link.read.1.tlog
d:\course3\сп\com\sp02_com\sp02_com\x64\debug\sp02_com.tlog\link.write.1.tlog
d:\course3\сп\com\sp02_com\sp02_com\x64\debug\sp02_com.tlog\link.write.2u.tlog
